{"/home/leandro/UFMG/9Semestre/PDS/GestaoDeEstoque-PDS/server/controllers/depositoController.js": {"path":"/home/leandro/UFMG/9Semestre/PDS/GestaoDeEstoque-PDS/server/controllers/depositoController.js","statementMap":{"0":{"start":{"line":6,"column":28},"end":{"line":6,"column":51}},"1":{"start":{"line":7,"column":28},"end":{"line":7,"column":51}},"2":{"start":{"line":15,"column":22},"end":{"line":15,"column":66}},"3":{"start":{"line":16,"column":8},"end":{"line":16,"column":140}},"4":{"start":{"line":16,"column":41},"end":{"line":16,"column":57}},"5":{"start":{"line":16,"column":86},"end":{"line":16,"column":136}},"6":{"start":{"line":19,"column":17},"end":{"line":19,"column":40}},"7":{"start":{"line":20,"column":22},"end":{"line":20,"column":69}},"8":{"start":{"line":21,"column":8},"end":{"line":21,"column":140}},"9":{"start":{"line":21,"column":41},"end":{"line":21,"column":57}},"10":{"start":{"line":21,"column":86},"end":{"line":21,"column":136}},"11":{"start":{"line":24,"column":17},"end":{"line":24,"column":40}},"12":{"start":{"line":25,"column":22},"end":{"line":25,"column":69}},"13":{"start":{"line":26,"column":8},"end":{"line":26,"column":140}},"14":{"start":{"line":26,"column":41},"end":{"line":26,"column":57}},"15":{"start":{"line":26,"column":86},"end":{"line":26,"column":136}},"16":{"start":{"line":29,"column":22},"end":{"line":29,"column":67}},"17":{"start":{"line":30,"column":8},"end":{"line":30,"column":140}},"18":{"start":{"line":30,"column":41},"end":{"line":30,"column":57}},"19":{"start":{"line":30,"column":86},"end":{"line":30,"column":136}},"20":{"start":{"line":33,"column":22},"end":{"line":33,"column":30}},"21":{"start":{"line":34,"column":22},"end":{"line":34,"column":66}},"22":{"start":{"line":35,"column":8},"end":{"line":35,"column":140}},"23":{"start":{"line":35,"column":41},"end":{"line":35,"column":57}},"24":{"start":{"line":35,"column":86},"end":{"line":35,"column":136}},"25":{"start":{"line":38,"column":23},"end":{"line":38,"column":75}},"26":{"start":{"line":40,"column":22},"end":{"line":40,"column":55}},"27":{"start":{"line":41,"column":8},"end":{"line":41,"column":140}},"28":{"start":{"line":41,"column":41},"end":{"line":41,"column":57}},"29":{"start":{"line":41,"column":86},"end":{"line":41,"column":136}},"30":{"start":{"line":44,"column":17},"end":{"line":44,"column":28}},"31":{"start":{"line":46,"column":22},"end":{"line":46,"column":52}},"32":{"start":{"line":47,"column":8},"end":{"line":49,"column":90}},"33":{"start":{"line":48,"column":12},"end":{"line":48,"column":28}},"34":{"start":{"line":49,"column":36},"end":{"line":49,"column":86}},"35":{"start":{"line":52,"column":23},"end":{"line":52,"column":82}},"36":{"start":{"line":54,"column":22},"end":{"line":54,"column":58}},"37":{"start":{"line":55,"column":8},"end":{"line":55,"column":140}},"38":{"start":{"line":55,"column":41},"end":{"line":55,"column":57}},"39":{"start":{"line":55,"column":86},"end":{"line":55,"column":136}},"40":{"start":{"line":58,"column":17},"end":{"line":58,"column":28}},"41":{"start":{"line":60,"column":22},"end":{"line":60,"column":62}},"42":{"start":{"line":61,"column":8},"end":{"line":61,"column":138}},"43":{"start":{"line":61,"column":39},"end":{"line":61,"column":55}},"44":{"start":{"line":61,"column":84},"end":{"line":61,"column":134}},"45":{"start":{"line":64,"column":25},"end":{"line":64,"column":44}},"46":{"start":{"line":65,"column":25},"end":{"line":65,"column":44}},"47":{"start":{"line":67,"column":22},"end":{"line":67,"column":99}},"48":{"start":{"line":68,"column":8},"end":{"line":68,"column":138}},"49":{"start":{"line":68,"column":39},"end":{"line":68,"column":55}},"50":{"start":{"line":68,"column":84},"end":{"line":68,"column":134}},"51":{"start":{"line":71,"column":25},"end":{"line":71,"column":44}},"52":{"start":{"line":73,"column":22},"end":{"line":73,"column":87}},"53":{"start":{"line":74,"column":8},"end":{"line":74,"column":138}},"54":{"start":{"line":74,"column":39},"end":{"line":74,"column":55}},"55":{"start":{"line":74,"column":84},"end":{"line":74,"column":134}},"56":{"start":{"line":77,"column":25},"end":{"line":77,"column":44}},"57":{"start":{"line":78,"column":19},"end":{"line":78,"column":32}},"58":{"start":{"line":80,"column":22},"end":{"line":80,"column":92}},"59":{"start":{"line":81,"column":8},"end":{"line":81,"column":138}},"60":{"start":{"line":81,"column":39},"end":{"line":81,"column":55}},"61":{"start":{"line":81,"column":84},"end":{"line":81,"column":134}}},"fnMap":{"0":{"name":"(anonymous_0)","decl":{"start":{"line":10,"column":4},"end":{"line":10,"column":5}},"loc":{"start":{"line":10,"column":17},"end":{"line":12,"column":5}},"line":10},"1":{"name":"(anonymous_1)","decl":{"start":{"line":13,"column":4},"end":{"line":13,"column":5}},"loc":{"start":{"line":13,"column":19},"end":{"line":17,"column":5}},"line":13},"2":{"name":"(anonymous_2)","decl":{"start":{"line":16,"column":21},"end":{"line":16,"column":22}},"loc":{"start":{"line":16,"column":39},"end":{"line":16,"column":59}},"line":16},"3":{"name":"(anonymous_3)","decl":{"start":{"line":16,"column":67},"end":{"line":16,"column":68}},"loc":{"start":{"line":16,"column":84},"end":{"line":16,"column":138}},"line":16},"4":{"name":"(anonymous_4)","decl":{"start":{"line":18,"column":4},"end":{"line":18,"column":5}},"loc":{"start":{"line":18,"column":37},"end":{"line":22,"column":5}},"line":18},"5":{"name":"(anonymous_5)","decl":{"start":{"line":21,"column":21},"end":{"line":21,"column":22}},"loc":{"start":{"line":21,"column":39},"end":{"line":21,"column":59}},"line":21},"6":{"name":"(anonymous_6)","decl":{"start":{"line":21,"column":67},"end":{"line":21,"column":68}},"loc":{"start":{"line":21,"column":84},"end":{"line":21,"column":138}},"line":21},"7":{"name":"(anonymous_7)","decl":{"start":{"line":23,"column":4},"end":{"line":23,"column":5}},"loc":{"start":{"line":23,"column":38},"end":{"line":27,"column":5}},"line":23},"8":{"name":"(anonymous_8)","decl":{"start":{"line":26,"column":21},"end":{"line":26,"column":22}},"loc":{"start":{"line":26,"column":39},"end":{"line":26,"column":59}},"line":26},"9":{"name":"(anonymous_9)","decl":{"start":{"line":26,"column":67},"end":{"line":26,"column":68}},"loc":{"start":{"line":26,"column":84},"end":{"line":26,"column":138}},"line":26},"10":{"name":"(anonymous_10)","decl":{"start":{"line":28,"column":4},"end":{"line":28,"column":5}},"loc":{"start":{"line":28,"column":38},"end":{"line":31,"column":5}},"line":28},"11":{"name":"(anonymous_11)","decl":{"start":{"line":30,"column":21},"end":{"line":30,"column":22}},"loc":{"start":{"line":30,"column":39},"end":{"line":30,"column":59}},"line":30},"12":{"name":"(anonymous_12)","decl":{"start":{"line":30,"column":67},"end":{"line":30,"column":68}},"loc":{"start":{"line":30,"column":84},"end":{"line":30,"column":138}},"line":30},"13":{"name":"(anonymous_13)","decl":{"start":{"line":32,"column":4},"end":{"line":32,"column":5}},"loc":{"start":{"line":32,"column":29},"end":{"line":36,"column":5}},"line":32},"14":{"name":"(anonymous_14)","decl":{"start":{"line":35,"column":21},"end":{"line":35,"column":22}},"loc":{"start":{"line":35,"column":39},"end":{"line":35,"column":59}},"line":35},"15":{"name":"(anonymous_15)","decl":{"start":{"line":35,"column":67},"end":{"line":35,"column":68}},"loc":{"start":{"line":35,"column":84},"end":{"line":35,"column":138}},"line":35},"16":{"name":"(anonymous_16)","decl":{"start":{"line":37,"column":4},"end":{"line":37,"column":5}},"loc":{"start":{"line":37,"column":17},"end":{"line":42,"column":5}},"line":37},"17":{"name":"(anonymous_17)","decl":{"start":{"line":41,"column":21},"end":{"line":41,"column":22}},"loc":{"start":{"line":41,"column":39},"end":{"line":41,"column":59}},"line":41},"18":{"name":"(anonymous_18)","decl":{"start":{"line":41,"column":67},"end":{"line":41,"column":68}},"loc":{"start":{"line":41,"column":84},"end":{"line":41,"column":138}},"line":41},"19":{"name":"(anonymous_19)","decl":{"start":{"line":43,"column":4},"end":{"line":43,"column":5}},"loc":{"start":{"line":43,"column":20},"end":{"line":50,"column":5}},"line":43},"20":{"name":"(anonymous_20)","decl":{"start":{"line":47,"column":21},"end":{"line":47,"column":22}},"loc":{"start":{"line":47,"column":39},"end":{"line":49,"column":9}},"line":47},"21":{"name":"(anonymous_21)","decl":{"start":{"line":49,"column":17},"end":{"line":49,"column":18}},"loc":{"start":{"line":49,"column":34},"end":{"line":49,"column":88}},"line":49},"22":{"name":"(anonymous_22)","decl":{"start":{"line":51,"column":4},"end":{"line":51,"column":5}},"loc":{"start":{"line":51,"column":20},"end":{"line":56,"column":5}},"line":51},"23":{"name":"(anonymous_23)","decl":{"start":{"line":55,"column":21},"end":{"line":55,"column":22}},"loc":{"start":{"line":55,"column":39},"end":{"line":55,"column":59}},"line":55},"24":{"name":"(anonymous_24)","decl":{"start":{"line":55,"column":67},"end":{"line":55,"column":68}},"loc":{"start":{"line":55,"column":84},"end":{"line":55,"column":138}},"line":55},"25":{"name":"(anonymous_25)","decl":{"start":{"line":57,"column":4},"end":{"line":57,"column":5}},"loc":{"start":{"line":57,"column":30},"end":{"line":62,"column":5}},"line":57},"26":{"name":"(anonymous_26)","decl":{"start":{"line":61,"column":21},"end":{"line":61,"column":22}},"loc":{"start":{"line":61,"column":37},"end":{"line":61,"column":57}},"line":61},"27":{"name":"(anonymous_27)","decl":{"start":{"line":61,"column":65},"end":{"line":61,"column":66}},"loc":{"start":{"line":61,"column":82},"end":{"line":61,"column":136}},"line":61},"28":{"name":"(anonymous_28)","decl":{"start":{"line":63,"column":4},"end":{"line":63,"column":5}},"loc":{"start":{"line":63,"column":47},"end":{"line":69,"column":5}},"line":63},"29":{"name":"(anonymous_29)","decl":{"start":{"line":68,"column":21},"end":{"line":68,"column":22}},"loc":{"start":{"line":68,"column":37},"end":{"line":68,"column":57}},"line":68},"30":{"name":"(anonymous_30)","decl":{"start":{"line":68,"column":65},"end":{"line":68,"column":66}},"loc":{"start":{"line":68,"column":82},"end":{"line":68,"column":136}},"line":68},"31":{"name":"(anonymous_31)","decl":{"start":{"line":70,"column":4},"end":{"line":70,"column":5}},"loc":{"start":{"line":70,"column":47},"end":{"line":75,"column":5}},"line":70},"32":{"name":"(anonymous_32)","decl":{"start":{"line":74,"column":21},"end":{"line":74,"column":22}},"loc":{"start":{"line":74,"column":37},"end":{"line":74,"column":57}},"line":74},"33":{"name":"(anonymous_33)","decl":{"start":{"line":74,"column":65},"end":{"line":74,"column":66}},"loc":{"start":{"line":74,"column":82},"end":{"line":74,"column":136}},"line":74},"34":{"name":"(anonymous_34)","decl":{"start":{"line":76,"column":4},"end":{"line":76,"column":5}},"loc":{"start":{"line":76,"column":46},"end":{"line":82,"column":5}},"line":76},"35":{"name":"(anonymous_35)","decl":{"start":{"line":81,"column":21},"end":{"line":81,"column":22}},"loc":{"start":{"line":81,"column":37},"end":{"line":81,"column":57}},"line":81},"36":{"name":"(anonymous_36)","decl":{"start":{"line":81,"column":65},"end":{"line":81,"column":66}},"loc":{"start":{"line":81,"column":82},"end":{"line":81,"column":136}},"line":81}},"branchMap":{},"s":{"0":0,"1":0,"2":0,"3":0,"4":0,"5":0,"6":0,"7":0,"8":0,"9":0,"10":0,"11":0,"12":0,"13":0,"14":0,"15":0,"16":0,"17":0,"18":0,"19":0,"20":0,"21":0,"22":0,"23":0,"24":0,"25":0,"26":0,"27":0,"28":0,"29":0,"30":0,"31":0,"32":0,"33":0,"34":0,"35":0,"36":0,"37":0,"38":0,"39":0,"40":0,"41":0,"42":0,"43":0,"44":0,"45":0,"46":0,"47":0,"48":0,"49":0,"50":0,"51":0,"52":0,"53":0,"54":0,"55":0,"56":0,"57":0,"58":0,"59":0,"60":0,"61":0},"f":{"0":0,"1":0,"2":0,"3":0,"4":0,"5":0,"6":0,"7":0,"8":0,"9":0,"10":0,"11":0,"12":0,"13":0,"14":0,"15":0,"16":0,"17":0,"18":0,"19":0,"20":0,"21":0,"22":0,"23":0,"24":0,"25":0,"26":0,"27":0,"28":0,"29":0,"30":0,"31":0,"32":0,"33":0,"34":0,"35":0,"36":0},"b":{}}
,"/home/leandro/UFMG/9Semestre/PDS/GestaoDeEstoque-PDS/server/controllers/entradaController.js": {"path":"/home/leandro/UFMG/9Semestre/PDS/GestaoDeEstoque-PDS/server/controllers/entradaController.js","statementMap":{"0":{"start":{"line":5,"column":27},"end":{"line":5,"column":49}},"1":{"start":{"line":14,"column":22},"end":{"line":14,"column":76}},"2":{"start":{"line":15,"column":8},"end":{"line":15,"column":140}},"3":{"start":{"line":15,"column":41},"end":{"line":15,"column":57}},"4":{"start":{"line":15,"column":86},"end":{"line":15,"column":136}},"5":{"start":{"line":18,"column":22},"end":{"line":18,"column":65}},"6":{"start":{"line":19,"column":8},"end":{"line":19,"column":140}},"7":{"start":{"line":19,"column":41},"end":{"line":19,"column":57}},"8":{"start":{"line":19,"column":86},"end":{"line":19,"column":136}},"9":{"start":{"line":22,"column":22},"end":{"line":22,"column":136}},"10":{"start":{"line":24,"column":22},"end":{"line":24,"column":53}},"11":{"start":{"line":25,"column":8},"end":{"line":25,"column":140}},"12":{"start":{"line":25,"column":41},"end":{"line":25,"column":57}},"13":{"start":{"line":25,"column":86},"end":{"line":25,"column":136}},"14":{"start":{"line":28,"column":17},"end":{"line":28,"column":28}},"15":{"start":{"line":30,"column":22},"end":{"line":30,"column":51}},"16":{"start":{"line":31,"column":8},"end":{"line":31,"column":140}},"17":{"start":{"line":31,"column":41},"end":{"line":31,"column":57}},"18":{"start":{"line":31,"column":86},"end":{"line":31,"column":136}},"19":{"start":{"line":34,"column":22},"end":{"line":34,"column":143}},"20":{"start":{"line":36,"column":22},"end":{"line":36,"column":56}},"21":{"start":{"line":37,"column":8},"end":{"line":37,"column":140}},"22":{"start":{"line":37,"column":41},"end":{"line":37,"column":57}},"23":{"start":{"line":37,"column":86},"end":{"line":37,"column":136}},"24":{"start":{"line":40,"column":17},"end":{"line":40,"column":28}},"25":{"start":{"line":42,"column":22},"end":{"line":42,"column":61}},"26":{"start":{"line":43,"column":8},"end":{"line":43,"column":138}},"27":{"start":{"line":43,"column":39},"end":{"line":43,"column":55}},"28":{"start":{"line":43,"column":84},"end":{"line":43,"column":134}}},"fnMap":{"0":{"name":"(anonymous_0)","decl":{"start":{"line":9,"column":4},"end":{"line":9,"column":5}},"loc":{"start":{"line":9,"column":17},"end":{"line":12,"column":5}},"line":9},"1":{"name":"(anonymous_1)","decl":{"start":{"line":13,"column":4},"end":{"line":13,"column":5}},"loc":{"start":{"line":13,"column":30},"end":{"line":16,"column":5}},"line":13},"2":{"name":"(anonymous_2)","decl":{"start":{"line":15,"column":21},"end":{"line":15,"column":22}},"loc":{"start":{"line":15,"column":39},"end":{"line":15,"column":59}},"line":15},"3":{"name":"(anonymous_3)","decl":{"start":{"line":15,"column":67},"end":{"line":15,"column":68}},"loc":{"start":{"line":15,"column":84},"end":{"line":15,"column":138}},"line":15},"4":{"name":"(anonymous_4)","decl":{"start":{"line":17,"column":4},"end":{"line":17,"column":5}},"loc":{"start":{"line":17,"column":19},"end":{"line":20,"column":5}},"line":17},"5":{"name":"(anonymous_5)","decl":{"start":{"line":19,"column":21},"end":{"line":19,"column":22}},"loc":{"start":{"line":19,"column":39},"end":{"line":19,"column":59}},"line":19},"6":{"name":"(anonymous_6)","decl":{"start":{"line":19,"column":67},"end":{"line":19,"column":68}},"loc":{"start":{"line":19,"column":84},"end":{"line":19,"column":138}},"line":19},"7":{"name":"(anonymous_7)","decl":{"start":{"line":21,"column":4},"end":{"line":21,"column":5}},"loc":{"start":{"line":21,"column":17},"end":{"line":26,"column":5}},"line":21},"8":{"name":"(anonymous_8)","decl":{"start":{"line":25,"column":21},"end":{"line":25,"column":22}},"loc":{"start":{"line":25,"column":39},"end":{"line":25,"column":59}},"line":25},"9":{"name":"(anonymous_9)","decl":{"start":{"line":25,"column":67},"end":{"line":25,"column":68}},"loc":{"start":{"line":25,"column":84},"end":{"line":25,"column":138}},"line":25},"10":{"name":"(anonymous_10)","decl":{"start":{"line":27,"column":4},"end":{"line":27,"column":5}},"loc":{"start":{"line":27,"column":20},"end":{"line":32,"column":5}},"line":27},"11":{"name":"(anonymous_11)","decl":{"start":{"line":31,"column":21},"end":{"line":31,"column":22}},"loc":{"start":{"line":31,"column":39},"end":{"line":31,"column":59}},"line":31},"12":{"name":"(anonymous_12)","decl":{"start":{"line":31,"column":67},"end":{"line":31,"column":68}},"loc":{"start":{"line":31,"column":84},"end":{"line":31,"column":138}},"line":31},"13":{"name":"(anonymous_13)","decl":{"start":{"line":33,"column":4},"end":{"line":33,"column":5}},"loc":{"start":{"line":33,"column":20},"end":{"line":38,"column":5}},"line":33},"14":{"name":"(anonymous_14)","decl":{"start":{"line":37,"column":21},"end":{"line":37,"column":22}},"loc":{"start":{"line":37,"column":39},"end":{"line":37,"column":59}},"line":37},"15":{"name":"(anonymous_15)","decl":{"start":{"line":37,"column":67},"end":{"line":37,"column":68}},"loc":{"start":{"line":37,"column":84},"end":{"line":37,"column":138}},"line":37},"16":{"name":"(anonymous_16)","decl":{"start":{"line":39,"column":4},"end":{"line":39,"column":5}},"loc":{"start":{"line":39,"column":30},"end":{"line":44,"column":5}},"line":39},"17":{"name":"(anonymous_17)","decl":{"start":{"line":43,"column":21},"end":{"line":43,"column":22}},"loc":{"start":{"line":43,"column":37},"end":{"line":43,"column":57}},"line":43},"18":{"name":"(anonymous_18)","decl":{"start":{"line":43,"column":65},"end":{"line":43,"column":66}},"loc":{"start":{"line":43,"column":82},"end":{"line":43,"column":136}},"line":43}},"branchMap":{},"s":{"0":0,"1":0,"2":0,"3":0,"4":0,"5":0,"6":0,"7":0,"8":0,"9":0,"10":0,"11":0,"12":0,"13":0,"14":0,"15":0,"16":0,"17":0,"18":0,"19":0,"20":0,"21":0,"22":0,"23":0,"24":0,"25":0,"26":0,"27":0,"28":0},"f":{"0":0,"1":0,"2":0,"3":0,"4":0,"5":0,"6":0,"7":0,"8":0,"9":0,"10":0,"11":0,"12":0,"13":0,"14":0,"15":0,"16":0,"17":0,"18":0},"b":{}}
,"/home/leandro/UFMG/9Semestre/PDS/GestaoDeEstoque-PDS/server/controllers/materialController.js": {"path":"/home/leandro/UFMG/9Semestre/PDS/GestaoDeEstoque-PDS/server/controllers/materialController.js","statementMap":{"0":{"start":{"line":4,"column":28},"end":{"line":4,"column":51}},"1":{"start":{"line":11,"column":25},"end":{"line":11,"column":44}},"2":{"start":{"line":13,"column":22},"end":{"line":13,"column":59}},"3":{"start":{"line":14,"column":8},"end":{"line":14,"column":140}},"4":{"start":{"line":14,"column":41},"end":{"line":14,"column":57}},"5":{"start":{"line":14,"column":86},"end":{"line":14,"column":136}},"6":{"start":{"line":17,"column":23},"end":{"line":17,"column":92}},"7":{"start":{"line":19,"column":22},"end":{"line":19,"column":55}},"8":{"start":{"line":20,"column":8},"end":{"line":20,"column":140}},"9":{"start":{"line":20,"column":41},"end":{"line":20,"column":57}},"10":{"start":{"line":20,"column":86},"end":{"line":20,"column":136}},"11":{"start":{"line":23,"column":17},"end":{"line":23,"column":28}},"12":{"start":{"line":25,"column":22},"end":{"line":25,"column":52}},"13":{"start":{"line":26,"column":8},"end":{"line":26,"column":140}},"14":{"start":{"line":26,"column":41},"end":{"line":26,"column":57}},"15":{"start":{"line":26,"column":86},"end":{"line":26,"column":136}},"16":{"start":{"line":29,"column":23},"end":{"line":29,"column":99}},"17":{"start":{"line":31,"column":22},"end":{"line":31,"column":58}},"18":{"start":{"line":32,"column":8},"end":{"line":32,"column":140}},"19":{"start":{"line":32,"column":41},"end":{"line":32,"column":57}},"20":{"start":{"line":32,"column":86},"end":{"line":32,"column":136}},"21":{"start":{"line":35,"column":17},"end":{"line":35,"column":28}},"22":{"start":{"line":37,"column":22},"end":{"line":37,"column":62}},"23":{"start":{"line":38,"column":8},"end":{"line":38,"column":138}},"24":{"start":{"line":38,"column":39},"end":{"line":38,"column":55}},"25":{"start":{"line":38,"column":84},"end":{"line":38,"column":134}},"26":{"start":{"line":41,"column":17},"end":{"line":41,"column":28}},"27":{"start":{"line":43,"column":22},"end":{"line":43,"column":69}},"28":{"start":{"line":44,"column":8},"end":{"line":44,"column":138}},"29":{"start":{"line":44,"column":39},"end":{"line":44,"column":55}},"30":{"start":{"line":44,"column":84},"end":{"line":44,"column":134}}},"fnMap":{"0":{"name":"(anonymous_0)","decl":{"start":{"line":7,"column":4},"end":{"line":7,"column":5}},"loc":{"start":{"line":7,"column":17},"end":{"line":9,"column":5}},"line":7},"1":{"name":"(anonymous_1)","decl":{"start":{"line":10,"column":4},"end":{"line":10,"column":5}},"loc":{"start":{"line":10,"column":19},"end":{"line":15,"column":5}},"line":10},"2":{"name":"(anonymous_2)","decl":{"start":{"line":14,"column":21},"end":{"line":14,"column":22}},"loc":{"start":{"line":14,"column":39},"end":{"line":14,"column":59}},"line":14},"3":{"name":"(anonymous_3)","decl":{"start":{"line":14,"column":67},"end":{"line":14,"column":68}},"loc":{"start":{"line":14,"column":84},"end":{"line":14,"column":138}},"line":14},"4":{"name":"(anonymous_4)","decl":{"start":{"line":16,"column":4},"end":{"line":16,"column":5}},"loc":{"start":{"line":16,"column":17},"end":{"line":21,"column":5}},"line":16},"5":{"name":"(anonymous_5)","decl":{"start":{"line":20,"column":21},"end":{"line":20,"column":22}},"loc":{"start":{"line":20,"column":39},"end":{"line":20,"column":59}},"line":20},"6":{"name":"(anonymous_6)","decl":{"start":{"line":20,"column":67},"end":{"line":20,"column":68}},"loc":{"start":{"line":20,"column":84},"end":{"line":20,"column":138}},"line":20},"7":{"name":"(anonymous_7)","decl":{"start":{"line":22,"column":4},"end":{"line":22,"column":5}},"loc":{"start":{"line":22,"column":20},"end":{"line":27,"column":5}},"line":22},"8":{"name":"(anonymous_8)","decl":{"start":{"line":26,"column":21},"end":{"line":26,"column":22}},"loc":{"start":{"line":26,"column":39},"end":{"line":26,"column":59}},"line":26},"9":{"name":"(anonymous_9)","decl":{"start":{"line":26,"column":67},"end":{"line":26,"column":68}},"loc":{"start":{"line":26,"column":84},"end":{"line":26,"column":138}},"line":26},"10":{"name":"(anonymous_10)","decl":{"start":{"line":28,"column":4},"end":{"line":28,"column":5}},"loc":{"start":{"line":28,"column":20},"end":{"line":33,"column":5}},"line":28},"11":{"name":"(anonymous_11)","decl":{"start":{"line":32,"column":21},"end":{"line":32,"column":22}},"loc":{"start":{"line":32,"column":39},"end":{"line":32,"column":59}},"line":32},"12":{"name":"(anonymous_12)","decl":{"start":{"line":32,"column":67},"end":{"line":32,"column":68}},"loc":{"start":{"line":32,"column":84},"end":{"line":32,"column":138}},"line":32},"13":{"name":"(anonymous_13)","decl":{"start":{"line":34,"column":4},"end":{"line":34,"column":5}},"loc":{"start":{"line":34,"column":30},"end":{"line":39,"column":5}},"line":34},"14":{"name":"(anonymous_14)","decl":{"start":{"line":38,"column":21},"end":{"line":38,"column":22}},"loc":{"start":{"line":38,"column":37},"end":{"line":38,"column":57}},"line":38},"15":{"name":"(anonymous_15)","decl":{"start":{"line":38,"column":65},"end":{"line":38,"column":66}},"loc":{"start":{"line":38,"column":82},"end":{"line":38,"column":136}},"line":38},"16":{"name":"(anonymous_16)","decl":{"start":{"line":40,"column":4},"end":{"line":40,"column":5}},"loc":{"start":{"line":40,"column":37},"end":{"line":45,"column":5}},"line":40},"17":{"name":"(anonymous_17)","decl":{"start":{"line":44,"column":21},"end":{"line":44,"column":22}},"loc":{"start":{"line":44,"column":37},"end":{"line":44,"column":57}},"line":44},"18":{"name":"(anonymous_18)","decl":{"start":{"line":44,"column":65},"end":{"line":44,"column":66}},"loc":{"start":{"line":44,"column":82},"end":{"line":44,"column":136}},"line":44}},"branchMap":{},"s":{"0":0,"1":0,"2":0,"3":0,"4":0,"5":0,"6":0,"7":0,"8":0,"9":0,"10":0,"11":0,"12":0,"13":0,"14":0,"15":0,"16":0,"17":0,"18":0,"19":0,"20":0,"21":0,"22":0,"23":0,"24":0,"25":0,"26":0,"27":0,"28":0,"29":0,"30":0},"f":{"0":0,"1":0,"2":0,"3":0,"4":0,"5":0,"6":0,"7":0,"8":0,"9":0,"10":0,"11":0,"12":0,"13":0,"14":0,"15":0,"16":0,"17":0,"18":0},"b":{}}
,"/home/leandro/UFMG/9Semestre/PDS/GestaoDeEstoque-PDS/server/controllers/saidaController.js": {"path":"/home/leandro/UFMG/9Semestre/PDS/GestaoDeEstoque-PDS/server/controllers/saidaController.js","statementMap":{"0":{"start":{"line":5,"column":25},"end":{"line":5,"column":45}},"1":{"start":{"line":13,"column":22},"end":{"line":13,"column":63}},"2":{"start":{"line":14,"column":8},"end":{"line":14,"column":140}},"3":{"start":{"line":14,"column":41},"end":{"line":14,"column":57}},"4":{"start":{"line":14,"column":86},"end":{"line":14,"column":136}},"5":{"start":{"line":17,"column":20},"end":{"line":17,"column":132}},"6":{"start":{"line":19,"column":22},"end":{"line":19,"column":49}},"7":{"start":{"line":20,"column":8},"end":{"line":20,"column":140}},"8":{"start":{"line":20,"column":41},"end":{"line":20,"column":57}},"9":{"start":{"line":20,"column":86},"end":{"line":20,"column":136}},"10":{"start":{"line":23,"column":17},"end":{"line":23,"column":28}},"11":{"start":{"line":25,"column":22},"end":{"line":25,"column":49}},"12":{"start":{"line":26,"column":8},"end":{"line":26,"column":140}},"13":{"start":{"line":26,"column":41},"end":{"line":26,"column":57}},"14":{"start":{"line":26,"column":86},"end":{"line":26,"column":136}},"15":{"start":{"line":29,"column":20},"end":{"line":29,"column":139}},"16":{"start":{"line":31,"column":22},"end":{"line":31,"column":52}},"17":{"start":{"line":32,"column":8},"end":{"line":32,"column":140}},"18":{"start":{"line":32,"column":41},"end":{"line":32,"column":57}},"19":{"start":{"line":32,"column":86},"end":{"line":32,"column":136}},"20":{"start":{"line":35,"column":17},"end":{"line":35,"column":28}},"21":{"start":{"line":37,"column":22},"end":{"line":37,"column":59}},"22":{"start":{"line":38,"column":8},"end":{"line":38,"column":138}},"23":{"start":{"line":38,"column":39},"end":{"line":38,"column":55}},"24":{"start":{"line":38,"column":84},"end":{"line":38,"column":134}}},"fnMap":{"0":{"name":"(anonymous_0)","decl":{"start":{"line":9,"column":4},"end":{"line":9,"column":5}},"loc":{"start":{"line":9,"column":17},"end":{"line":11,"column":5}},"line":9},"1":{"name":"(anonymous_1)","decl":{"start":{"line":12,"column":4},"end":{"line":12,"column":5}},"loc":{"start":{"line":12,"column":19},"end":{"line":15,"column":5}},"line":12},"2":{"name":"(anonymous_2)","decl":{"start":{"line":14,"column":21},"end":{"line":14,"column":22}},"loc":{"start":{"line":14,"column":39},"end":{"line":14,"column":59}},"line":14},"3":{"name":"(anonymous_3)","decl":{"start":{"line":14,"column":67},"end":{"line":14,"column":68}},"loc":{"start":{"line":14,"column":84},"end":{"line":14,"column":138}},"line":14},"4":{"name":"(anonymous_4)","decl":{"start":{"line":16,"column":4},"end":{"line":16,"column":5}},"loc":{"start":{"line":16,"column":17},"end":{"line":21,"column":5}},"line":16},"5":{"name":"(anonymous_5)","decl":{"start":{"line":20,"column":21},"end":{"line":20,"column":22}},"loc":{"start":{"line":20,"column":39},"end":{"line":20,"column":59}},"line":20},"6":{"name":"(anonymous_6)","decl":{"start":{"line":20,"column":67},"end":{"line":20,"column":68}},"loc":{"start":{"line":20,"column":84},"end":{"line":20,"column":138}},"line":20},"7":{"name":"(anonymous_7)","decl":{"start":{"line":22,"column":4},"end":{"line":22,"column":5}},"loc":{"start":{"line":22,"column":20},"end":{"line":27,"column":5}},"line":22},"8":{"name":"(anonymous_8)","decl":{"start":{"line":26,"column":21},"end":{"line":26,"column":22}},"loc":{"start":{"line":26,"column":39},"end":{"line":26,"column":59}},"line":26},"9":{"name":"(anonymous_9)","decl":{"start":{"line":26,"column":67},"end":{"line":26,"column":68}},"loc":{"start":{"line":26,"column":84},"end":{"line":26,"column":138}},"line":26},"10":{"name":"(anonymous_10)","decl":{"start":{"line":28,"column":4},"end":{"line":28,"column":5}},"loc":{"start":{"line":28,"column":20},"end":{"line":33,"column":5}},"line":28},"11":{"name":"(anonymous_11)","decl":{"start":{"line":32,"column":21},"end":{"line":32,"column":22}},"loc":{"start":{"line":32,"column":39},"end":{"line":32,"column":59}},"line":32},"12":{"name":"(anonymous_12)","decl":{"start":{"line":32,"column":67},"end":{"line":32,"column":68}},"loc":{"start":{"line":32,"column":84},"end":{"line":32,"column":138}},"line":32},"13":{"name":"(anonymous_13)","decl":{"start":{"line":34,"column":4},"end":{"line":34,"column":5}},"loc":{"start":{"line":34,"column":30},"end":{"line":39,"column":5}},"line":34},"14":{"name":"(anonymous_14)","decl":{"start":{"line":38,"column":21},"end":{"line":38,"column":22}},"loc":{"start":{"line":38,"column":37},"end":{"line":38,"column":57}},"line":38},"15":{"name":"(anonymous_15)","decl":{"start":{"line":38,"column":65},"end":{"line":38,"column":66}},"loc":{"start":{"line":38,"column":82},"end":{"line":38,"column":136}},"line":38}},"branchMap":{},"s":{"0":0,"1":0,"2":0,"3":0,"4":0,"5":0,"6":0,"7":0,"8":0,"9":0,"10":0,"11":0,"12":0,"13":0,"14":0,"15":0,"16":0,"17":0,"18":0,"19":0,"20":0,"21":0,"22":0,"23":0,"24":0},"f":{"0":0,"1":0,"2":0,"3":0,"4":0,"5":0,"6":0,"7":0,"8":0,"9":0,"10":0,"11":0,"12":0,"13":0,"14":0,"15":0},"b":{}}
,"/home/leandro/UFMG/9Semestre/PDS/GestaoDeEstoque-PDS/server/controllers/transferenciaController.js": {"path":"/home/leandro/UFMG/9Semestre/PDS/GestaoDeEstoque-PDS/server/controllers/transferenciaController.js","statementMap":{"0":{"start":{"line":5,"column":33},"end":{"line":5,"column":61}},"1":{"start":{"line":13,"column":22},"end":{"line":13,"column":71}},"2":{"start":{"line":14,"column":8},"end":{"line":14,"column":140}},"3":{"start":{"line":14,"column":41},"end":{"line":14,"column":57}},"4":{"start":{"line":14,"column":86},"end":{"line":14,"column":136}},"5":{"start":{"line":17,"column":28},"end":{"line":17,"column":182}},"6":{"start":{"line":19,"column":22},"end":{"line":19,"column":65}},"7":{"start":{"line":20,"column":8},"end":{"line":20,"column":140}},"8":{"start":{"line":20,"column":41},"end":{"line":20,"column":57}},"9":{"start":{"line":20,"column":86},"end":{"line":20,"column":136}},"10":{"start":{"line":23,"column":17},"end":{"line":23,"column":28}},"11":{"start":{"line":25,"column":22},"end":{"line":25,"column":57}},"12":{"start":{"line":26,"column":8},"end":{"line":26,"column":140}},"13":{"start":{"line":26,"column":41},"end":{"line":26,"column":57}},"14":{"start":{"line":26,"column":86},"end":{"line":26,"column":136}},"15":{"start":{"line":29,"column":28},"end":{"line":29,"column":189}},"16":{"start":{"line":31,"column":22},"end":{"line":31,"column":68}},"17":{"start":{"line":32,"column":8},"end":{"line":32,"column":140}},"18":{"start":{"line":32,"column":41},"end":{"line":32,"column":57}},"19":{"start":{"line":32,"column":86},"end":{"line":32,"column":136}},"20":{"start":{"line":35,"column":17},"end":{"line":35,"column":28}},"21":{"start":{"line":37,"column":22},"end":{"line":37,"column":67}},"22":{"start":{"line":38,"column":8},"end":{"line":38,"column":138}},"23":{"start":{"line":38,"column":39},"end":{"line":38,"column":55}},"24":{"start":{"line":38,"column":84},"end":{"line":38,"column":134}},"25":{"start":{"line":41,"column":31},"end":{"line":41,"column":56}},"26":{"start":{"line":43,"column":22},"end":{"line":43,"column":89}},"27":{"start":{"line":44,"column":8},"end":{"line":44,"column":138}},"28":{"start":{"line":44,"column":39},"end":{"line":44,"column":55}},"29":{"start":{"line":44,"column":84},"end":{"line":44,"column":134}}},"fnMap":{"0":{"name":"(anonymous_0)","decl":{"start":{"line":9,"column":4},"end":{"line":9,"column":5}},"loc":{"start":{"line":9,"column":17},"end":{"line":11,"column":5}},"line":9},"1":{"name":"(anonymous_1)","decl":{"start":{"line":12,"column":4},"end":{"line":12,"column":5}},"loc":{"start":{"line":12,"column":19},"end":{"line":15,"column":5}},"line":12},"2":{"name":"(anonymous_2)","decl":{"start":{"line":14,"column":21},"end":{"line":14,"column":22}},"loc":{"start":{"line":14,"column":39},"end":{"line":14,"column":59}},"line":14},"3":{"name":"(anonymous_3)","decl":{"start":{"line":14,"column":67},"end":{"line":14,"column":68}},"loc":{"start":{"line":14,"column":84},"end":{"line":14,"column":138}},"line":14},"4":{"name":"(anonymous_4)","decl":{"start":{"line":16,"column":4},"end":{"line":16,"column":5}},"loc":{"start":{"line":16,"column":17},"end":{"line":21,"column":5}},"line":16},"5":{"name":"(anonymous_5)","decl":{"start":{"line":20,"column":21},"end":{"line":20,"column":22}},"loc":{"start":{"line":20,"column":39},"end":{"line":20,"column":59}},"line":20},"6":{"name":"(anonymous_6)","decl":{"start":{"line":20,"column":67},"end":{"line":20,"column":68}},"loc":{"start":{"line":20,"column":84},"end":{"line":20,"column":138}},"line":20},"7":{"name":"(anonymous_7)","decl":{"start":{"line":22,"column":4},"end":{"line":22,"column":5}},"loc":{"start":{"line":22,"column":20},"end":{"line":27,"column":5}},"line":22},"8":{"name":"(anonymous_8)","decl":{"start":{"line":26,"column":21},"end":{"line":26,"column":22}},"loc":{"start":{"line":26,"column":39},"end":{"line":26,"column":59}},"line":26},"9":{"name":"(anonymous_9)","decl":{"start":{"line":26,"column":67},"end":{"line":26,"column":68}},"loc":{"start":{"line":26,"column":84},"end":{"line":26,"column":138}},"line":26},"10":{"name":"(anonymous_10)","decl":{"start":{"line":28,"column":4},"end":{"line":28,"column":5}},"loc":{"start":{"line":28,"column":20},"end":{"line":33,"column":5}},"line":28},"11":{"name":"(anonymous_11)","decl":{"start":{"line":32,"column":21},"end":{"line":32,"column":22}},"loc":{"start":{"line":32,"column":39},"end":{"line":32,"column":59}},"line":32},"12":{"name":"(anonymous_12)","decl":{"start":{"line":32,"column":67},"end":{"line":32,"column":68}},"loc":{"start":{"line":32,"column":84},"end":{"line":32,"column":138}},"line":32},"13":{"name":"(anonymous_13)","decl":{"start":{"line":34,"column":4},"end":{"line":34,"column":5}},"loc":{"start":{"line":34,"column":30},"end":{"line":39,"column":5}},"line":34},"14":{"name":"(anonymous_14)","decl":{"start":{"line":38,"column":21},"end":{"line":38,"column":22}},"loc":{"start":{"line":38,"column":37},"end":{"line":38,"column":57}},"line":38},"15":{"name":"(anonymous_15)","decl":{"start":{"line":38,"column":65},"end":{"line":38,"column":66}},"loc":{"start":{"line":38,"column":82},"end":{"line":38,"column":136}},"line":38},"16":{"name":"(anonymous_16)","decl":{"start":{"line":40,"column":4},"end":{"line":40,"column":5}},"loc":{"start":{"line":40,"column":38},"end":{"line":45,"column":5}},"line":40},"17":{"name":"(anonymous_17)","decl":{"start":{"line":44,"column":21},"end":{"line":44,"column":22}},"loc":{"start":{"line":44,"column":37},"end":{"line":44,"column":57}},"line":44},"18":{"name":"(anonymous_18)","decl":{"start":{"line":44,"column":65},"end":{"line":44,"column":66}},"loc":{"start":{"line":44,"column":82},"end":{"line":44,"column":136}},"line":44}},"branchMap":{},"s":{"0":0,"1":0,"2":0,"3":0,"4":0,"5":0,"6":0,"7":0,"8":0,"9":0,"10":0,"11":0,"12":0,"13":0,"14":0,"15":0,"16":0,"17":0,"18":0,"19":0,"20":0,"21":0,"22":0,"23":0,"24":0,"25":0,"26":0,"27":0,"28":0,"29":0},"f":{"0":0,"1":0,"2":0,"3":0,"4":0,"5":0,"6":0,"7":0,"8":0,"9":0,"10":0,"11":0,"12":0,"13":0,"14":0,"15":0,"16":0,"17":0,"18":0},"b":{}}
,"/home/leandro/UFMG/9Semestre/PDS/GestaoDeEstoque-PDS/server/controllers/unidadeController.js": {"path":"/home/leandro/UFMG/9Semestre/PDS/GestaoDeEstoque-PDS/server/controllers/unidadeController.js","statementMap":{"0":{"start":{"line":6,"column":27},"end":{"line":6,"column":49}},"1":{"start":{"line":13,"column":22},"end":{"line":13,"column":65}},"2":{"start":{"line":14,"column":8},"end":{"line":14,"column":140}},"3":{"start":{"line":14,"column":41},"end":{"line":14,"column":57}},"4":{"start":{"line":14,"column":86},"end":{"line":14,"column":136}},"5":{"start":{"line":17,"column":22},"end":{"line":17,"column":73}},"6":{"start":{"line":19,"column":22},"end":{"line":19,"column":53}},"7":{"start":{"line":20,"column":8},"end":{"line":20,"column":140}},"8":{"start":{"line":20,"column":41},"end":{"line":20,"column":57}},"9":{"start":{"line":20,"column":86},"end":{"line":20,"column":136}},"10":{"start":{"line":23,"column":17},"end":{"line":23,"column":28}},"11":{"start":{"line":25,"column":22},"end":{"line":25,"column":51}},"12":{"start":{"line":26,"column":8},"end":{"line":26,"column":140}},"13":{"start":{"line":26,"column":41},"end":{"line":26,"column":57}},"14":{"start":{"line":26,"column":86},"end":{"line":26,"column":136}},"15":{"start":{"line":29,"column":22},"end":{"line":29,"column":80}},"16":{"start":{"line":31,"column":22},"end":{"line":31,"column":56}},"17":{"start":{"line":32,"column":8},"end":{"line":32,"column":140}},"18":{"start":{"line":32,"column":41},"end":{"line":32,"column":57}},"19":{"start":{"line":32,"column":86},"end":{"line":32,"column":136}},"20":{"start":{"line":35,"column":17},"end":{"line":35,"column":28}},"21":{"start":{"line":37,"column":22},"end":{"line":37,"column":61}},"22":{"start":{"line":38,"column":8},"end":{"line":38,"column":138}},"23":{"start":{"line":38,"column":39},"end":{"line":38,"column":55}},"24":{"start":{"line":38,"column":84},"end":{"line":38,"column":134}}},"fnMap":{"0":{"name":"(anonymous_0)","decl":{"start":{"line":9,"column":4},"end":{"line":9,"column":5}},"loc":{"start":{"line":9,"column":17},"end":{"line":11,"column":5}},"line":9},"1":{"name":"(anonymous_1)","decl":{"start":{"line":12,"column":4},"end":{"line":12,"column":5}},"loc":{"start":{"line":12,"column":19},"end":{"line":15,"column":5}},"line":12},"2":{"name":"(anonymous_2)","decl":{"start":{"line":14,"column":21},"end":{"line":14,"column":22}},"loc":{"start":{"line":14,"column":39},"end":{"line":14,"column":59}},"line":14},"3":{"name":"(anonymous_3)","decl":{"start":{"line":14,"column":67},"end":{"line":14,"column":68}},"loc":{"start":{"line":14,"column":84},"end":{"line":14,"column":138}},"line":14},"4":{"name":"(anonymous_4)","decl":{"start":{"line":16,"column":4},"end":{"line":16,"column":5}},"loc":{"start":{"line":16,"column":17},"end":{"line":21,"column":5}},"line":16},"5":{"name":"(anonymous_5)","decl":{"start":{"line":20,"column":21},"end":{"line":20,"column":22}},"loc":{"start":{"line":20,"column":39},"end":{"line":20,"column":59}},"line":20},"6":{"name":"(anonymous_6)","decl":{"start":{"line":20,"column":67},"end":{"line":20,"column":68}},"loc":{"start":{"line":20,"column":84},"end":{"line":20,"column":138}},"line":20},"7":{"name":"(anonymous_7)","decl":{"start":{"line":22,"column":4},"end":{"line":22,"column":5}},"loc":{"start":{"line":22,"column":20},"end":{"line":27,"column":5}},"line":22},"8":{"name":"(anonymous_8)","decl":{"start":{"line":26,"column":21},"end":{"line":26,"column":22}},"loc":{"start":{"line":26,"column":39},"end":{"line":26,"column":59}},"line":26},"9":{"name":"(anonymous_9)","decl":{"start":{"line":26,"column":67},"end":{"line":26,"column":68}},"loc":{"start":{"line":26,"column":84},"end":{"line":26,"column":138}},"line":26},"10":{"name":"(anonymous_10)","decl":{"start":{"line":28,"column":4},"end":{"line":28,"column":5}},"loc":{"start":{"line":28,"column":20},"end":{"line":33,"column":5}},"line":28},"11":{"name":"(anonymous_11)","decl":{"start":{"line":32,"column":21},"end":{"line":32,"column":22}},"loc":{"start":{"line":32,"column":39},"end":{"line":32,"column":59}},"line":32},"12":{"name":"(anonymous_12)","decl":{"start":{"line":32,"column":67},"end":{"line":32,"column":68}},"loc":{"start":{"line":32,"column":84},"end":{"line":32,"column":138}},"line":32},"13":{"name":"(anonymous_13)","decl":{"start":{"line":34,"column":4},"end":{"line":34,"column":5}},"loc":{"start":{"line":34,"column":30},"end":{"line":39,"column":5}},"line":34},"14":{"name":"(anonymous_14)","decl":{"start":{"line":38,"column":21},"end":{"line":38,"column":22}},"loc":{"start":{"line":38,"column":37},"end":{"line":38,"column":57}},"line":38},"15":{"name":"(anonymous_15)","decl":{"start":{"line":38,"column":65},"end":{"line":38,"column":66}},"loc":{"start":{"line":38,"column":82},"end":{"line":38,"column":136}},"line":38}},"branchMap":{},"s":{"0":0,"1":0,"2":0,"3":0,"4":0,"5":0,"6":0,"7":0,"8":0,"9":0,"10":0,"11":0,"12":0,"13":0,"14":0,"15":0,"16":0,"17":0,"18":0,"19":0,"20":0,"21":0,"22":0,"23":0,"24":0},"f":{"0":0,"1":0,"2":0,"3":0,"4":0,"5":0,"6":0,"7":0,"8":0,"9":0,"10":0,"11":0,"12":0,"13":0,"14":0,"15":0},"b":{}}
,"/home/leandro/UFMG/9Semestre/PDS/GestaoDeEstoque-PDS/server/controllers/usuarioController.js": {"path":"/home/leandro/UFMG/9Semestre/PDS/GestaoDeEstoque-PDS/server/controllers/usuarioController.js","statementMap":{"0":{"start":{"line":5,"column":27},"end":{"line":5,"column":49}},"1":{"start":{"line":12,"column":22},"end":{"line":12,"column":48}},"2":{"start":{"line":13,"column":8},"end":{"line":13,"column":149}},"3":{"start":{"line":13,"column":39},"end":{"line":13,"column":66}},"4":{"start":{"line":13,"column":95},"end":{"line":13,"column":145}},"5":{"start":{"line":17,"column":22},"end":{"line":17,"column":95}},"6":{"start":{"line":19,"column":22},"end":{"line":19,"column":58}},"7":{"start":{"line":20,"column":8},"end":{"line":20,"column":151}},"8":{"start":{"line":20,"column":39},"end":{"line":20,"column":68}},"9":{"start":{"line":20,"column":97},"end":{"line":20,"column":147}},"10":{"start":{"line":23,"column":23},"end":{"line":23,"column":67}},"11":{"start":{"line":25,"column":22},"end":{"line":25,"column":61}},"12":{"start":{"line":26,"column":8},"end":{"line":26,"column":201}},"13":{"start":{"line":26,"column":39},"end":{"line":26,"column":118}},"14":{"start":{"line":26,"column":147},"end":{"line":26,"column":197}},"15":{"start":{"line":29,"column":22},"end":{"line":29,"column":60}},"16":{"start":{"line":30,"column":8},"end":{"line":30,"column":140}},"17":{"start":{"line":30,"column":41},"end":{"line":30,"column":57}},"18":{"start":{"line":30,"column":86},"end":{"line":30,"column":136}},"19":{"start":{"line":33,"column":17},"end":{"line":33,"column":28}},"20":{"start":{"line":34,"column":22},"end":{"line":34,"column":59}},"21":{"start":{"line":35,"column":8},"end":{"line":35,"column":140}},"22":{"start":{"line":35,"column":41},"end":{"line":35,"column":57}},"23":{"start":{"line":35,"column":86},"end":{"line":35,"column":136}}},"fnMap":{"0":{"name":"(anonymous_0)","decl":{"start":{"line":8,"column":4},"end":{"line":8,"column":5}},"loc":{"start":{"line":8,"column":17},"end":{"line":10,"column":5}},"line":8},"1":{"name":"(anonymous_1)","decl":{"start":{"line":11,"column":4},"end":{"line":11,"column":5}},"loc":{"start":{"line":11,"column":19},"end":{"line":15,"column":5}},"line":11},"2":{"name":"(anonymous_2)","decl":{"start":{"line":13,"column":21},"end":{"line":13,"column":22}},"loc":{"start":{"line":13,"column":37},"end":{"line":13,"column":68}},"line":13},"3":{"name":"(anonymous_3)","decl":{"start":{"line":13,"column":76},"end":{"line":13,"column":77}},"loc":{"start":{"line":13,"column":93},"end":{"line":13,"column":147}},"line":13},"4":{"name":"(anonymous_4)","decl":{"start":{"line":16,"column":4},"end":{"line":16,"column":5}},"loc":{"start":{"line":16,"column":17},"end":{"line":21,"column":5}},"line":16},"5":{"name":"(anonymous_5)","decl":{"start":{"line":20,"column":21},"end":{"line":20,"column":22}},"loc":{"start":{"line":20,"column":37},"end":{"line":20,"column":70}},"line":20},"6":{"name":"(anonymous_6)","decl":{"start":{"line":20,"column":78},"end":{"line":20,"column":79}},"loc":{"start":{"line":20,"column":95},"end":{"line":20,"column":149}},"line":20},"7":{"name":"(anonymous_7)","decl":{"start":{"line":22,"column":4},"end":{"line":22,"column":5}},"loc":{"start":{"line":22,"column":19},"end":{"line":27,"column":5}},"line":22},"8":{"name":"(anonymous_8)","decl":{"start":{"line":26,"column":21},"end":{"line":26,"column":22}},"loc":{"start":{"line":26,"column":37},"end":{"line":26,"column":120}},"line":26},"9":{"name":"(anonymous_9)","decl":{"start":{"line":26,"column":128},"end":{"line":26,"column":129}},"loc":{"start":{"line":26,"column":145},"end":{"line":26,"column":199}},"line":26},"10":{"name":"(anonymous_10)","decl":{"start":{"line":28,"column":4},"end":{"line":28,"column":5}},"loc":{"start":{"line":28,"column":18},"end":{"line":31,"column":5}},"line":28},"11":{"name":"(anonymous_11)","decl":{"start":{"line":30,"column":21},"end":{"line":30,"column":22}},"loc":{"start":{"line":30,"column":39},"end":{"line":30,"column":59}},"line":30},"12":{"name":"(anonymous_12)","decl":{"start":{"line":30,"column":67},"end":{"line":30,"column":68}},"loc":{"start":{"line":30,"column":84},"end":{"line":30,"column":138}},"line":30},"13":{"name":"(anonymous_13)","decl":{"start":{"line":32,"column":4},"end":{"line":32,"column":5}},"loc":{"start":{"line":32,"column":26},"end":{"line":36,"column":5}},"line":32},"14":{"name":"(anonymous_14)","decl":{"start":{"line":35,"column":21},"end":{"line":35,"column":22}},"loc":{"start":{"line":35,"column":39},"end":{"line":35,"column":59}},"line":35},"15":{"name":"(anonymous_15)","decl":{"start":{"line":35,"column":67},"end":{"line":35,"column":68}},"loc":{"start":{"line":35,"column":84},"end":{"line":35,"column":138}},"line":35}},"branchMap":{},"s":{"0":0,"1":0,"2":0,"3":0,"4":0,"5":0,"6":0,"7":0,"8":0,"9":0,"10":0,"11":0,"12":0,"13":0,"14":0,"15":0,"16":0,"17":0,"18":0,"19":0,"20":0,"21":0,"22":0,"23":0},"f":{"0":0,"1":0,"2":0,"3":0,"4":0,"5":0,"6":0,"7":0,"8":0,"9":0,"10":0,"11":0,"12":0,"13":0,"14":0,"15":0},"b":{}}
,"/home/leandro/UFMG/9Semestre/PDS/GestaoDeEstoque-PDS/server/repositorios/depositoRepositorio.js": {"path":"/home/leandro/UFMG/9Semestre/PDS/GestaoDeEstoque-PDS/server/repositorios/depositoRepositorio.js","statementMap":{"0":{"start":{"line":5,"column":28},"end":{"line":5,"column":51}},"1":{"start":{"line":6,"column":25},"end":{"line":6,"column":45}},"2":{"start":{"line":13,"column":18},"end":{"line":13,"column":65}},"3":{"start":{"line":15,"column":26},"end":{"line":23,"column":10}},"4":{"start":{"line":16,"column":12},"end":{"line":22,"column":15}},"5":{"start":{"line":17,"column":16},"end":{"line":19,"column":17}},"6":{"start":{"line":18,"column":20},"end":{"line":18,"column":31}},"7":{"start":{"line":20,"column":16},"end":{"line":20,"column":45}},"8":{"start":{"line":25,"column":18},"end":{"line":25,"column":20}},"9":{"start":{"line":26,"column":8},"end":{"line":32,"column":9}},"10":{"start":{"line":27,"column":12},"end":{"line":27,"column":50}},"11":{"start":{"line":29,"column":22},"end":{"line":31,"column":81}},"12":{"start":{"line":35,"column":8},"end":{"line":42,"column":10}},"13":{"start":{"line":36,"column":12},"end":{"line":41,"column":14}},"14":{"start":{"line":37,"column":16},"end":{"line":39,"column":17}},"15":{"start":{"line":38,"column":20},"end":{"line":38,"column":31}},"16":{"start":{"line":40,"column":16},"end":{"line":40,"column":29}},"17":{"start":{"line":45,"column":18},"end":{"line":54,"column":33}},"18":{"start":{"line":55,"column":8},"end":{"line":62,"column":10}},"19":{"start":{"line":56,"column":12},"end":{"line":61,"column":14}},"20":{"start":{"line":57,"column":16},"end":{"line":59,"column":17}},"21":{"start":{"line":58,"column":20},"end":{"line":58,"column":31}},"22":{"start":{"line":60,"column":16},"end":{"line":60,"column":29}},"23":{"start":{"line":65,"column":18},"end":{"line":68,"column":95}},"24":{"start":{"line":70,"column":8},"end":{"line":77,"column":10}},"25":{"start":{"line":71,"column":12},"end":{"line":76,"column":14}},"26":{"start":{"line":72,"column":16},"end":{"line":74,"column":17}},"27":{"start":{"line":73,"column":20},"end":{"line":73,"column":31}},"28":{"start":{"line":75,"column":16},"end":{"line":75,"column":29}},"29":{"start":{"line":80,"column":18},"end":{"line":80,"column":71}},"30":{"start":{"line":82,"column":8},"end":{"line":95,"column":10}},"31":{"start":{"line":83,"column":12},"end":{"line":94,"column":14}},"32":{"start":{"line":84,"column":16},"end":{"line":85,"column":31}},"33":{"start":{"line":85,"column":20},"end":{"line":85,"column":31}},"34":{"start":{"line":86,"column":16},"end":{"line":86,"column":27}},"35":{"start":{"line":87,"column":29},"end":{"line":87,"column":121}},"36":{"start":{"line":88,"column":16},"end":{"line":93,"column":18}},"37":{"start":{"line":89,"column":20},"end":{"line":92,"column":35}},"38":{"start":{"line":90,"column":24},"end":{"line":90,"column":35}},"39":{"start":{"line":92,"column":24},"end":{"line":92,"column":35}},"40":{"start":{"line":98,"column":18},"end":{"line":98,"column":53}},"41":{"start":{"line":100,"column":8},"end":{"line":108,"column":10}},"42":{"start":{"line":101,"column":12},"end":{"line":107,"column":14}},"43":{"start":{"line":102,"column":16},"end":{"line":106,"column":17}},"44":{"start":{"line":103,"column":20},"end":{"line":103,"column":31}},"45":{"start":{"line":105,"column":20},"end":{"line":105,"column":31}},"46":{"start":{"line":111,"column":18},"end":{"line":111,"column":61}},"47":{"start":{"line":113,"column":8},"end":{"line":120,"column":10}},"48":{"start":{"line":114,"column":12},"end":{"line":119,"column":14}},"49":{"start":{"line":115,"column":16},"end":{"line":118,"column":31}},"50":{"start":{"line":116,"column":20},"end":{"line":116,"column":31}},"51":{"start":{"line":118,"column":20},"end":{"line":118,"column":31}},"52":{"start":{"line":123,"column":18},"end":{"line":123,"column":55}},"53":{"start":{"line":125,"column":8},"end":{"line":132,"column":10}},"54":{"start":{"line":126,"column":12},"end":{"line":131,"column":15}},"55":{"start":{"line":127,"column":16},"end":{"line":130,"column":36}},"56":{"start":{"line":128,"column":20},"end":{"line":128,"column":31}},"57":{"start":{"line":130,"column":20},"end":{"line":130,"column":36}},"58":{"start":{"line":135,"column":18},"end":{"line":135,"column":55}},"59":{"start":{"line":136,"column":8},"end":{"line":143,"column":10}},"60":{"start":{"line":137,"column":12},"end":{"line":142,"column":15}},"61":{"start":{"line":138,"column":16},"end":{"line":141,"column":33}},"62":{"start":{"line":139,"column":20},"end":{"line":139,"column":31}},"63":{"start":{"line":141,"column":20},"end":{"line":141,"column":33}},"64":{"start":{"line":146,"column":18},"end":{"line":147,"column":97}},"65":{"start":{"line":148,"column":8},"end":{"line":155,"column":10}},"66":{"start":{"line":149,"column":12},"end":{"line":154,"column":14}},"67":{"start":{"line":150,"column":16},"end":{"line":153,"column":31}},"68":{"start":{"line":151,"column":20},"end":{"line":151,"column":31}},"69":{"start":{"line":153,"column":20},"end":{"line":153,"column":31}},"70":{"start":{"line":158,"column":21},"end":{"line":158,"column":23}},"71":{"start":{"line":160,"column":19},"end":{"line":160,"column":97}},"72":{"start":{"line":161,"column":23},"end":{"line":168,"column":10}},"73":{"start":{"line":162,"column":12},"end":{"line":167,"column":15}},"74":{"start":{"line":163,"column":16},"end":{"line":166,"column":33}},"75":{"start":{"line":164,"column":20},"end":{"line":164,"column":31}},"76":{"start":{"line":166,"column":20},"end":{"line":166,"column":33}},"77":{"start":{"line":170,"column":19},"end":{"line":170,"column":110}},"78":{"start":{"line":171,"column":21},"end":{"line":178,"column":10}},"79":{"start":{"line":172,"column":12},"end":{"line":177,"column":15}},"80":{"start":{"line":173,"column":16},"end":{"line":176,"column":33}},"81":{"start":{"line":174,"column":20},"end":{"line":174,"column":31}},"82":{"start":{"line":176,"column":20},"end":{"line":176,"column":33}},"83":{"start":{"line":180,"column":19},"end":{"line":180,"column":124}},"84":{"start":{"line":181,"column":29},"end":{"line":188,"column":10}},"85":{"start":{"line":182,"column":12},"end":{"line":187,"column":15}},"86":{"start":{"line":183,"column":16},"end":{"line":186,"column":33}},"87":{"start":{"line":184,"column":20},"end":{"line":184,"column":31}},"88":{"start":{"line":186,"column":20},"end":{"line":186,"column":33}},"89":{"start":{"line":190,"column":8},"end":{"line":211,"column":9}},"90":{"start":{"line":190,"column":20},"end":{"line":190,"column":21}},"91":{"start":{"line":192,"column":30},"end":{"line":192,"column":139}},"92":{"start":{"line":192,"column":59},"end":{"line":192,"column":103}},"93":{"start":{"line":192,"column":120},"end":{"line":192,"column":138}},"94":{"start":{"line":193,"column":28},"end":{"line":193,"column":127}},"95":{"start":{"line":193,"column":53},"end":{"line":193,"column":95}},"96":{"start":{"line":193,"column":110},"end":{"line":193,"column":126}},"97":{"start":{"line":194,"column":36},"end":{"line":194,"column":175}},"98":{"start":{"line":194,"column":77},"end":{"line":194,"column":127}},"99":{"start":{"line":194,"column":150},"end":{"line":194,"column":174}},"100":{"start":{"line":196,"column":24},"end":{"line":196,"column":25}},"101":{"start":{"line":198,"column":12},"end":{"line":200,"column":15}},"102":{"start":{"line":199,"column":16},"end":{"line":199,"column":32}},"103":{"start":{"line":202,"column":12},"end":{"line":204,"column":15}},"104":{"start":{"line":203,"column":16},"end":{"line":203,"column":30}},"105":{"start":{"line":206,"column":12},"end":{"line":208,"column":15}},"106":{"start":{"line":207,"column":16},"end":{"line":207,"column":38}},"107":{"start":{"line":210,"column":12},"end":{"line":210,"column":30}},"108":{"start":{"line":213,"column":8},"end":{"line":213,"column":21}},"109":{"start":{"line":216,"column":19},"end":{"line":216,"column":66}},"110":{"start":{"line":217,"column":28},"end":{"line":224,"column":10}},"111":{"start":{"line":218,"column":12},"end":{"line":223,"column":15}},"112":{"start":{"line":219,"column":16},"end":{"line":222,"column":33}},"113":{"start":{"line":220,"column":20},"end":{"line":220,"column":31}},"114":{"start":{"line":222,"column":20},"end":{"line":222,"column":33}},"115":{"start":{"line":226,"column":19},"end":{"line":226,"column":64}},"116":{"start":{"line":227,"column":26},"end":{"line":234,"column":10}},"117":{"start":{"line":228,"column":12},"end":{"line":233,"column":15}},"118":{"start":{"line":229,"column":16},"end":{"line":232,"column":33}},"119":{"start":{"line":230,"column":20},"end":{"line":230,"column":31}},"120":{"start":{"line":232,"column":20},"end":{"line":232,"column":33}},"121":{"start":{"line":236,"column":19},"end":{"line":236,"column":103}},"122":{"start":{"line":237,"column":34},"end":{"line":244,"column":10}},"123":{"start":{"line":238,"column":12},"end":{"line":243,"column":15}},"124":{"start":{"line":239,"column":16},"end":{"line":242,"column":33}},"125":{"start":{"line":240,"column":20},"end":{"line":240,"column":31}},"126":{"start":{"line":242,"column":20},"end":{"line":242,"column":33}},"127":{"start":{"line":246,"column":18},"end":{"line":246,"column":96}},"128":{"start":{"line":246,"column":89},"end":{"line":246,"column":95}},"129":{"start":{"line":247,"column":19},"end":{"line":247,"column":125}},"130":{"start":{"line":247,"column":46},"end":{"line":247,"column":73}},"131":{"start":{"line":247,"column":91},"end":{"line":247,"column":123}},"132":{"start":{"line":248,"column":24},"end":{"line":248,"column":26}},"133":{"start":{"line":249,"column":8},"end":{"line":252,"column":10}},"134":{"start":{"line":250,"column":22},"end":{"line":250,"column":37}},"135":{"start":{"line":251,"column":12},"end":{"line":251,"column":73}},"136":{"start":{"line":254,"column":8},"end":{"line":254,"column":35}},"137":{"start":{"line":259,"column":24},"end":{"line":259,"column":57}},"138":{"start":{"line":260,"column":8},"end":{"line":260,"column":66}},"139":{"start":{"line":260,"column":53},"end":{"line":260,"column":63}},"140":{"start":{"line":261,"column":26},"end":{"line":261,"column":28}},"141":{"start":{"line":263,"column":8},"end":{"line":267,"column":9}},"142":{"start":{"line":263,"column":21},"end":{"line":263,"column":22}},"143":{"start":{"line":264,"column":30},"end":{"line":264,"column":31}},"144":{"start":{"line":265,"column":12},"end":{"line":265,"column":104}},"145":{"start":{"line":266,"column":12},"end":{"line":266,"column":40}},"146":{"start":{"line":270,"column":8},"end":{"line":270,"column":84}},"147":{"start":{"line":270,"column":48},"end":{"line":270,"column":54}},"148":{"start":{"line":274,"column":25},"end":{"line":274,"column":159}},"149":{"start":{"line":276,"column":8},"end":{"line":276,"column":25}},"150":{"start":{"line":281,"column":19},"end":{"line":281,"column":85}},"151":{"start":{"line":282,"column":28},"end":{"line":289,"column":10}},"152":{"start":{"line":283,"column":12},"end":{"line":288,"column":15}},"153":{"start":{"line":284,"column":16},"end":{"line":287,"column":33}},"154":{"start":{"line":285,"column":20},"end":{"line":285,"column":31}},"155":{"start":{"line":287,"column":20},"end":{"line":287,"column":33}},"156":{"start":{"line":291,"column":19},"end":{"line":291,"column":83}},"157":{"start":{"line":292,"column":26},"end":{"line":299,"column":10}},"158":{"start":{"line":293,"column":12},"end":{"line":298,"column":15}},"159":{"start":{"line":294,"column":16},"end":{"line":297,"column":33}},"160":{"start":{"line":295,"column":20},"end":{"line":295,"column":31}},"161":{"start":{"line":297,"column":20},"end":{"line":297,"column":33}},"162":{"start":{"line":301,"column":19},"end":{"line":301,"column":122}},"163":{"start":{"line":302,"column":34},"end":{"line":309,"column":10}},"164":{"start":{"line":303,"column":12},"end":{"line":308,"column":15}},"165":{"start":{"line":304,"column":16},"end":{"line":307,"column":33}},"166":{"start":{"line":305,"column":20},"end":{"line":305,"column":31}},"167":{"start":{"line":307,"column":20},"end":{"line":307,"column":33}},"168":{"start":{"line":311,"column":18},"end":{"line":311,"column":96}},"169":{"start":{"line":311,"column":89},"end":{"line":311,"column":95}},"170":{"start":{"line":312,"column":19},"end":{"line":312,"column":125}},"171":{"start":{"line":312,"column":46},"end":{"line":312,"column":73}},"172":{"start":{"line":312,"column":91},"end":{"line":312,"column":123}},"173":{"start":{"line":313,"column":24},"end":{"line":313,"column":26}},"174":{"start":{"line":314,"column":8},"end":{"line":317,"column":10}},"175":{"start":{"line":315,"column":22},"end":{"line":315,"column":37}},"176":{"start":{"line":316,"column":12},"end":{"line":316,"column":73}},"177":{"start":{"line":319,"column":8},"end":{"line":319,"column":60}},"178":{"start":{"line":322,"column":20},"end":{"line":322,"column":81}},"179":{"start":{"line":323,"column":26},"end":{"line":323,"column":106}},"180":{"start":{"line":325,"column":8},"end":{"line":325,"column":75}}},"fnMap":{"0":{"name":"(anonymous_0)","decl":{"start":{"line":9,"column":4},"end":{"line":9,"column":5}},"loc":{"start":{"line":9,"column":17},"end":{"line":11,"column":5}},"line":9},"1":{"name":"(anonymous_1)","decl":{"start":{"line":12,"column":4},"end":{"line":12,"column":5}},"loc":{"start":{"line":12,"column":26},"end":{"line":43,"column":5}},"line":12},"2":{"name":"(anonymous_2)","decl":{"start":{"line":15,"column":44},"end":{"line":15,"column":45}},"loc":{"start":{"line":15,"column":65},"end":{"line":23,"column":9}},"line":15},"3":{"name":"(anonymous_3)","decl":{"start":{"line":16,"column":37},"end":{"line":16,"column":38}},"loc":{"start":{"line":16,"column":52},"end":{"line":22,"column":13}},"line":16},"4":{"name":"(anonymous_4)","decl":{"start":{"line":35,"column":27},"end":{"line":35,"column":28}},"loc":{"start":{"line":35,"column":48},"end":{"line":42,"column":9}},"line":35},"5":{"name":"(anonymous_5)","decl":{"start":{"line":36,"column":24},"end":{"line":36,"column":25}},"loc":{"start":{"line":36,"column":39},"end":{"line":41,"column":12}},"line":36},"6":{"name":"(anonymous_6)","decl":{"start":{"line":44,"column":4},"end":{"line":44,"column":5}},"loc":{"start":{"line":44,"column":39},"end":{"line":63,"column":5}},"line":44},"7":{"name":"(anonymous_7)","decl":{"start":{"line":55,"column":27},"end":{"line":55,"column":28}},"loc":{"start":{"line":55,"column":48},"end":{"line":62,"column":9}},"line":55},"8":{"name":"(anonymous_8)","decl":{"start":{"line":56,"column":74},"end":{"line":56,"column":75}},"loc":{"start":{"line":56,"column":89},"end":{"line":61,"column":12}},"line":56},"9":{"name":"(anonymous_9)","decl":{"start":{"line":64,"column":4},"end":{"line":64,"column":5}},"loc":{"start":{"line":64,"column":40},"end":{"line":78,"column":5}},"line":64},"10":{"name":"(anonymous_10)","decl":{"start":{"line":70,"column":27},"end":{"line":70,"column":28}},"loc":{"start":{"line":70,"column":48},"end":{"line":77,"column":9}},"line":70},"11":{"name":"(anonymous_11)","decl":{"start":{"line":71,"column":38},"end":{"line":71,"column":39}},"loc":{"start":{"line":71,"column":53},"end":{"line":76,"column":12}},"line":71},"12":{"name":"(anonymous_12)","decl":{"start":{"line":79,"column":4},"end":{"line":79,"column":5}},"loc":{"start":{"line":79,"column":17},"end":{"line":96,"column":5}},"line":79},"13":{"name":"(anonymous_13)","decl":{"start":{"line":82,"column":27},"end":{"line":82,"column":28}},"loc":{"start":{"line":82,"column":48},"end":{"line":95,"column":9}},"line":82},"14":{"name":"(anonymous_14)","decl":{"start":{"line":83,"column":61},"end":{"line":83,"column":62}},"loc":{"start":{"line":83,"column":83},"end":{"line":94,"column":13}},"line":83},"15":{"name":"(anonymous_15)","decl":{"start":{"line":88,"column":69},"end":{"line":88,"column":70}},"loc":{"start":{"line":88,"column":91},"end":{"line":93,"column":17}},"line":88},"16":{"name":"(anonymous_16)","decl":{"start":{"line":97,"column":4},"end":{"line":97,"column":5}},"loc":{"start":{"line":97,"column":20},"end":{"line":109,"column":5}},"line":97},"17":{"name":"(anonymous_17)","decl":{"start":{"line":100,"column":27},"end":{"line":100,"column":28}},"loc":{"start":{"line":100,"column":48},"end":{"line":108,"column":9}},"line":100},"18":{"name":"(anonymous_18)","decl":{"start":{"line":101,"column":30},"end":{"line":101,"column":31}},"loc":{"start":{"line":101,"column":44},"end":{"line":107,"column":13}},"line":101},"19":{"name":"(anonymous_19)","decl":{"start":{"line":110,"column":4},"end":{"line":110,"column":5}},"loc":{"start":{"line":110,"column":20},"end":{"line":121,"column":5}},"line":110},"20":{"name":"(anonymous_20)","decl":{"start":{"line":113,"column":27},"end":{"line":113,"column":28}},"loc":{"start":{"line":113,"column":48},"end":{"line":120,"column":9}},"line":113},"21":{"name":"(anonymous_21)","decl":{"start":{"line":114,"column":54},"end":{"line":114,"column":55}},"loc":{"start":{"line":114,"column":76},"end":{"line":119,"column":13}},"line":114},"22":{"name":"(anonymous_22)","decl":{"start":{"line":122,"column":4},"end":{"line":122,"column":5}},"loc":{"start":{"line":122,"column":24},"end":{"line":133,"column":5}},"line":122},"23":{"name":"(anonymous_23)","decl":{"start":{"line":125,"column":27},"end":{"line":125,"column":28}},"loc":{"start":{"line":125,"column":48},"end":{"line":132,"column":9}},"line":125},"24":{"name":"(anonymous_24)","decl":{"start":{"line":126,"column":30},"end":{"line":126,"column":31}},"loc":{"start":{"line":126,"column":45},"end":{"line":131,"column":13}},"line":126},"25":{"name":"(anonymous_25)","decl":{"start":{"line":134,"column":4},"end":{"line":134,"column":5}},"loc":{"start":{"line":134,"column":30},"end":{"line":144,"column":5}},"line":134},"26":{"name":"(anonymous_26)","decl":{"start":{"line":136,"column":27},"end":{"line":136,"column":28}},"loc":{"start":{"line":136,"column":48},"end":{"line":143,"column":9}},"line":136},"27":{"name":"(anonymous_27)","decl":{"start":{"line":137,"column":24},"end":{"line":137,"column":25}},"loc":{"start":{"line":137,"column":39},"end":{"line":142,"column":13}},"line":137},"28":{"name":"(anonymous_28)","decl":{"start":{"line":145,"column":4},"end":{"line":145,"column":5}},"loc":{"start":{"line":145,"column":29},"end":{"line":156,"column":5}},"line":145},"29":{"name":"(anonymous_29)","decl":{"start":{"line":148,"column":27},"end":{"line":148,"column":28}},"loc":{"start":{"line":148,"column":48},"end":{"line":155,"column":9}},"line":148},"30":{"name":"(anonymous_30)","decl":{"start":{"line":149,"column":107},"end":{"line":149,"column":108}},"loc":{"start":{"line":149,"column":129},"end":{"line":154,"column":13}},"line":149},"31":{"name":"(anonymous_31)","decl":{"start":{"line":157,"column":4},"end":{"line":157,"column":5}},"loc":{"start":{"line":157,"column":73},"end":{"line":214,"column":5}},"line":157},"32":{"name":"(anonymous_32)","decl":{"start":{"line":161,"column":41},"end":{"line":161,"column":42}},"loc":{"start":{"line":161,"column":62},"end":{"line":168,"column":9}},"line":161},"33":{"name":"(anonymous_33)","decl":{"start":{"line":162,"column":51},"end":{"line":162,"column":52}},"loc":{"start":{"line":162,"column":66},"end":{"line":167,"column":13}},"line":162},"34":{"name":"(anonymous_34)","decl":{"start":{"line":171,"column":39},"end":{"line":171,"column":40}},"loc":{"start":{"line":171,"column":60},"end":{"line":178,"column":9}},"line":171},"35":{"name":"(anonymous_35)","decl":{"start":{"line":172,"column":51},"end":{"line":172,"column":52}},"loc":{"start":{"line":172,"column":66},"end":{"line":177,"column":13}},"line":172},"36":{"name":"(anonymous_36)","decl":{"start":{"line":181,"column":47},"end":{"line":181,"column":48}},"loc":{"start":{"line":181,"column":68},"end":{"line":188,"column":9}},"line":181},"37":{"name":"(anonymous_37)","decl":{"start":{"line":182,"column":51},"end":{"line":182,"column":52}},"loc":{"start":{"line":182,"column":66},"end":{"line":187,"column":13}},"line":182},"38":{"name":"(anonymous_38)","decl":{"start":{"line":192,"column":46},"end":{"line":192,"column":47}},"loc":{"start":{"line":192,"column":59},"end":{"line":192,"column":103}},"line":192},"39":{"name":"(anonymous_39)","decl":{"start":{"line":192,"column":109},"end":{"line":192,"column":110}},"loc":{"start":{"line":192,"column":120},"end":{"line":192,"column":138}},"line":192},"40":{"name":"(anonymous_40)","decl":{"start":{"line":193,"column":42},"end":{"line":193,"column":43}},"loc":{"start":{"line":193,"column":53},"end":{"line":193,"column":95}},"line":193},"41":{"name":"(anonymous_41)","decl":{"start":{"line":193,"column":101},"end":{"line":193,"column":102}},"loc":{"start":{"line":193,"column":110},"end":{"line":193,"column":126}},"line":193},"42":{"name":"(anonymous_42)","decl":{"start":{"line":194,"column":58},"end":{"line":194,"column":59}},"loc":{"start":{"line":194,"column":77},"end":{"line":194,"column":127}},"line":194},"43":{"name":"(anonymous_43)","decl":{"start":{"line":194,"column":133},"end":{"line":194,"column":134}},"loc":{"start":{"line":194,"column":150},"end":{"line":194,"column":174}},"line":194},"44":{"name":"(anonymous_44)","decl":{"start":{"line":198,"column":32},"end":{"line":198,"column":33}},"loc":{"start":{"line":198,"column":43},"end":{"line":200,"column":13}},"line":198},"45":{"name":"(anonymous_45)","decl":{"start":{"line":202,"column":30},"end":{"line":202,"column":31}},"loc":{"start":{"line":202,"column":39},"end":{"line":204,"column":13}},"line":202},"46":{"name":"(anonymous_46)","decl":{"start":{"line":206,"column":38},"end":{"line":206,"column":39}},"loc":{"start":{"line":206,"column":55},"end":{"line":208,"column":13}},"line":206},"47":{"name":"(anonymous_47)","decl":{"start":{"line":215,"column":4},"end":{"line":215,"column":5}},"loc":{"start":{"line":215,"column":55},"end":{"line":256,"column":5}},"line":215},"48":{"name":"(anonymous_48)","decl":{"start":{"line":217,"column":46},"end":{"line":217,"column":47}},"loc":{"start":{"line":217,"column":67},"end":{"line":224,"column":9}},"line":217},"49":{"name":"(anonymous_49)","decl":{"start":{"line":218,"column":39},"end":{"line":218,"column":40}},"loc":{"start":{"line":218,"column":54},"end":{"line":223,"column":13}},"line":218},"50":{"name":"(anonymous_50)","decl":{"start":{"line":227,"column":44},"end":{"line":227,"column":45}},"loc":{"start":{"line":227,"column":65},"end":{"line":234,"column":9}},"line":227},"51":{"name":"(anonymous_51)","decl":{"start":{"line":228,"column":39},"end":{"line":228,"column":40}},"loc":{"start":{"line":228,"column":54},"end":{"line":233,"column":13}},"line":228},"52":{"name":"(anonymous_52)","decl":{"start":{"line":237,"column":52},"end":{"line":237,"column":53}},"loc":{"start":{"line":237,"column":73},"end":{"line":244,"column":9}},"line":237},"53":{"name":"(anonymous_53)","decl":{"start":{"line":238,"column":51},"end":{"line":238,"column":52}},"loc":{"start":{"line":238,"column":66},"end":{"line":243,"column":13}},"line":238},"54":{"name":"(anonymous_54)","decl":{"start":{"line":246,"column":84},"end":{"line":246,"column":85}},"loc":{"start":{"line":246,"column":89},"end":{"line":246,"column":95}},"line":246},"55":{"name":"(anonymous_55)","decl":{"start":{"line":247,"column":30},"end":{"line":247,"column":31}},"loc":{"start":{"line":247,"column":46},"end":{"line":247,"column":73}},"line":247},"56":{"name":"(anonymous_56)","decl":{"start":{"line":247,"column":80},"end":{"line":247,"column":81}},"loc":{"start":{"line":247,"column":89},"end":{"line":247,"column":124}},"line":247},"57":{"name":"(anonymous_57)","decl":{"start":{"line":249,"column":21},"end":{"line":249,"column":22}},"loc":{"start":{"line":249,"column":29},"end":{"line":252,"column":9}},"line":249},"58":{"name":"(anonymous_58)","decl":{"start":{"line":257,"column":4},"end":{"line":257,"column":5}},"loc":{"start":{"line":257,"column":60},"end":{"line":271,"column":5}},"line":257},"59":{"name":"(anonymous_59)","decl":{"start":{"line":260,"column":34},"end":{"line":260,"column":35}},"loc":{"start":{"line":260,"column":53},"end":{"line":260,"column":63}},"line":260},"60":{"name":"(anonymous_60)","decl":{"start":{"line":270,"column":43},"end":{"line":270,"column":44}},"loc":{"start":{"line":270,"column":48},"end":{"line":270,"column":54}},"line":270},"61":{"name":"(anonymous_61)","decl":{"start":{"line":272,"column":4},"end":{"line":272,"column":5}},"loc":{"start":{"line":272,"column":73},"end":{"line":277,"column":5}},"line":272},"62":{"name":"(anonymous_62)","decl":{"start":{"line":279,"column":4},"end":{"line":279,"column":5}},"loc":{"start":{"line":279,"column":60},"end":{"line":320,"column":5}},"line":279},"63":{"name":"(anonymous_63)","decl":{"start":{"line":282,"column":46},"end":{"line":282,"column":47}},"loc":{"start":{"line":282,"column":67},"end":{"line":289,"column":9}},"line":282},"64":{"name":"(anonymous_64)","decl":{"start":{"line":283,"column":51},"end":{"line":283,"column":52}},"loc":{"start":{"line":283,"column":66},"end":{"line":288,"column":13}},"line":283},"65":{"name":"(anonymous_65)","decl":{"start":{"line":292,"column":44},"end":{"line":292,"column":45}},"loc":{"start":{"line":292,"column":65},"end":{"line":299,"column":9}},"line":292},"66":{"name":"(anonymous_66)","decl":{"start":{"line":293,"column":51},"end":{"line":293,"column":52}},"loc":{"start":{"line":293,"column":66},"end":{"line":298,"column":13}},"line":293},"67":{"name":"(anonymous_67)","decl":{"start":{"line":302,"column":52},"end":{"line":302,"column":53}},"loc":{"start":{"line":302,"column":73},"end":{"line":309,"column":9}},"line":302},"68":{"name":"(anonymous_68)","decl":{"start":{"line":303,"column":63},"end":{"line":303,"column":64}},"loc":{"start":{"line":303,"column":78},"end":{"line":308,"column":13}},"line":303},"69":{"name":"(anonymous_69)","decl":{"start":{"line":311,"column":84},"end":{"line":311,"column":85}},"loc":{"start":{"line":311,"column":89},"end":{"line":311,"column":95}},"line":311},"70":{"name":"(anonymous_70)","decl":{"start":{"line":312,"column":30},"end":{"line":312,"column":31}},"loc":{"start":{"line":312,"column":46},"end":{"line":312,"column":73}},"line":312},"71":{"name":"(anonymous_71)","decl":{"start":{"line":312,"column":80},"end":{"line":312,"column":81}},"loc":{"start":{"line":312,"column":89},"end":{"line":312,"column":124}},"line":312},"72":{"name":"(anonymous_72)","decl":{"start":{"line":314,"column":21},"end":{"line":314,"column":22}},"loc":{"start":{"line":314,"column":29},"end":{"line":317,"column":9}},"line":314},"73":{"name":"(anonymous_73)","decl":{"start":{"line":321,"column":4},"end":{"line":321,"column":5}},"loc":{"start":{"line":321,"column":67},"end":{"line":327,"column":5}},"line":321}},"branchMap":{"0":{"loc":{"start":{"line":17,"column":16},"end":{"line":19,"column":17}},"type":"if","locations":[{"start":{"line":17,"column":16},"end":{"line":19,"column":17}},{"start":{},"end":{}}],"line":17},"1":{"loc":{"start":{"line":26,"column":8},"end":{"line":32,"column":9}},"type":"if","locations":[{"start":{"line":26,"column":8},"end":{"line":32,"column":9}},{"start":{"line":28,"column":15},"end":{"line":32,"column":9}}],"line":26},"2":{"loc":{"start":{"line":37,"column":16},"end":{"line":39,"column":17}},"type":"if","locations":[{"start":{"line":37,"column":16},"end":{"line":39,"column":17}},{"start":{},"end":{}}],"line":37},"3":{"loc":{"start":{"line":57,"column":16},"end":{"line":59,"column":17}},"type":"if","locations":[{"start":{"line":57,"column":16},"end":{"line":59,"column":17}},{"start":{},"end":{}}],"line":57},"4":{"loc":{"start":{"line":72,"column":16},"end":{"line":74,"column":17}},"type":"if","locations":[{"start":{"line":72,"column":16},"end":{"line":74,"column":17}},{"start":{},"end":{}}],"line":72},"5":{"loc":{"start":{"line":84,"column":16},"end":{"line":85,"column":31}},"type":"if","locations":[{"start":{"line":84,"column":16},"end":{"line":85,"column":31}},{"start":{},"end":{}}],"line":84},"6":{"loc":{"start":{"line":89,"column":20},"end":{"line":92,"column":35}},"type":"if","locations":[{"start":{"line":89,"column":20},"end":{"line":92,"column":35}},{"start":{"line":92,"column":24},"end":{"line":92,"column":35}}],"line":89},"7":{"loc":{"start":{"line":102,"column":16},"end":{"line":106,"column":17}},"type":"if","locations":[{"start":{"line":102,"column":16},"end":{"line":106,"column":17}},{"start":{"line":104,"column":20},"end":{"line":106,"column":17}}],"line":102},"8":{"loc":{"start":{"line":115,"column":16},"end":{"line":118,"column":31}},"type":"if","locations":[{"start":{"line":115,"column":16},"end":{"line":118,"column":31}},{"start":{"line":118,"column":20},"end":{"line":118,"column":31}}],"line":115},"9":{"loc":{"start":{"line":127,"column":16},"end":{"line":130,"column":36}},"type":"if","locations":[{"start":{"line":127,"column":16},"end":{"line":130,"column":36}},{"start":{"line":130,"column":20},"end":{"line":130,"column":36}}],"line":127},"10":{"loc":{"start":{"line":138,"column":16},"end":{"line":141,"column":33}},"type":"if","locations":[{"start":{"line":138,"column":16},"end":{"line":141,"column":33}},{"start":{"line":141,"column":20},"end":{"line":141,"column":33}}],"line":138},"11":{"loc":{"start":{"line":150,"column":16},"end":{"line":153,"column":31}},"type":"if","locations":[{"start":{"line":150,"column":16},"end":{"line":153,"column":31}},{"start":{"line":153,"column":20},"end":{"line":153,"column":31}}],"line":150},"12":{"loc":{"start":{"line":163,"column":16},"end":{"line":166,"column":33}},"type":"if","locations":[{"start":{"line":163,"column":16},"end":{"line":166,"column":33}},{"start":{"line":166,"column":20},"end":{"line":166,"column":33}}],"line":163},"13":{"loc":{"start":{"line":173,"column":16},"end":{"line":176,"column":33}},"type":"if","locations":[{"start":{"line":173,"column":16},"end":{"line":176,"column":33}},{"start":{"line":176,"column":20},"end":{"line":176,"column":33}}],"line":173},"14":{"loc":{"start":{"line":183,"column":16},"end":{"line":186,"column":33}},"type":"if","locations":[{"start":{"line":183,"column":16},"end":{"line":186,"column":33}},{"start":{"line":186,"column":20},"end":{"line":186,"column":33}}],"line":183},"15":{"loc":{"start":{"line":219,"column":16},"end":{"line":222,"column":33}},"type":"if","locations":[{"start":{"line":219,"column":16},"end":{"line":222,"column":33}},{"start":{"line":222,"column":20},"end":{"line":222,"column":33}}],"line":219},"16":{"loc":{"start":{"line":229,"column":16},"end":{"line":232,"column":33}},"type":"if","locations":[{"start":{"line":229,"column":16},"end":{"line":232,"column":33}},{"start":{"line":232,"column":20},"end":{"line":232,"column":33}}],"line":229},"17":{"loc":{"start":{"line":239,"column":16},"end":{"line":242,"column":33}},"type":"if","locations":[{"start":{"line":239,"column":16},"end":{"line":242,"column":33}},{"start":{"line":242,"column":20},"end":{"line":242,"column":33}}],"line":239},"18":{"loc":{"start":{"line":284,"column":16},"end":{"line":287,"column":33}},"type":"if","locations":[{"start":{"line":284,"column":16},"end":{"line":287,"column":33}},{"start":{"line":287,"column":20},"end":{"line":287,"column":33}}],"line":284},"19":{"loc":{"start":{"line":294,"column":16},"end":{"line":297,"column":33}},"type":"if","locations":[{"start":{"line":294,"column":16},"end":{"line":297,"column":33}},{"start":{"line":297,"column":20},"end":{"line":297,"column":33}}],"line":294},"20":{"loc":{"start":{"line":304,"column":16},"end":{"line":307,"column":33}},"type":"if","locations":[{"start":{"line":304,"column":16},"end":{"line":307,"column":33}},{"start":{"line":307,"column":20},"end":{"line":307,"column":33}}],"line":304}},"s":{"0":0,"1":0,"2":0,"3":0,"4":0,"5":0,"6":0,"7":0,"8":0,"9":0,"10":0,"11":0,"12":0,"13":0,"14":0,"15":0,"16":0,"17":0,"18":0,"19":0,"20":0,"21":0,"22":0,"23":0,"24":0,"25":0,"26":0,"27":0,"28":0,"29":0,"30":0,"31":0,"32":0,"33":0,"34":0,"35":0,"36":0,"37":0,"38":0,"39":0,"40":0,"41":0,"42":0,"43":0,"44":0,"45":0,"46":0,"47":0,"48":0,"49":0,"50":0,"51":0,"52":0,"53":0,"54":0,"55":0,"56":0,"57":0,"58":0,"59":0,"60":0,"61":0,"62":0,"63":0,"64":0,"65":0,"66":0,"67":0,"68":0,"69":0,"70":0,"71":0,"72":0,"73":0,"74":0,"75":0,"76":0,"77":0,"78":0,"79":0,"80":0,"81":0,"82":0,"83":0,"84":0,"85":0,"86":0,"87":0,"88":0,"89":0,"90":0,"91":0,"92":0,"93":0,"94":0,"95":0,"96":0,"97":0,"98":0,"99":0,"100":0,"101":0,"102":0,"103":0,"104":0,"105":0,"106":0,"107":0,"108":0,"109":0,"110":0,"111":0,"112":0,"113":0,"114":0,"115":0,"116":0,"117":0,"118":0,"119":0,"120":0,"121":0,"122":0,"123":0,"124":0,"125":0,"126":0,"127":0,"128":0,"129":0,"130":0,"131":0,"132":0,"133":0,"134":0,"135":0,"136":0,"137":0,"138":0,"139":0,"140":0,"141":0,"142":0,"143":0,"144":0,"145":0,"146":0,"147":0,"148":0,"149":0,"150":0,"151":0,"152":0,"153":0,"154":0,"155":0,"156":0,"157":0,"158":0,"159":0,"160":0,"161":0,"162":0,"163":0,"164":0,"165":0,"166":0,"167":0,"168":0,"169":0,"170":0,"171":0,"172":0,"173":0,"174":0,"175":0,"176":0,"177":0,"178":0,"179":0,"180":0},"f":{"0":0,"1":0,"2":0,"3":0,"4":0,"5":0,"6":0,"7":0,"8":0,"9":0,"10":0,"11":0,"12":0,"13":0,"14":0,"15":0,"16":0,"17":0,"18":0,"19":0,"20":0,"21":0,"22":0,"23":0,"24":0,"25":0,"26":0,"27":0,"28":0,"29":0,"30":0,"31":0,"32":0,"33":0,"34":0,"35":0,"36":0,"37":0,"38":0,"39":0,"40":0,"41":0,"42":0,"43":0,"44":0,"45":0,"46":0,"47":0,"48":0,"49":0,"50":0,"51":0,"52":0,"53":0,"54":0,"55":0,"56":0,"57":0,"58":0,"59":0,"60":0,"61":0,"62":0,"63":0,"64":0,"65":0,"66":0,"67":0,"68":0,"69":0,"70":0,"71":0,"72":0,"73":0},"b":{"0":[0,0],"1":[0,0],"2":[0,0],"3":[0,0],"4":[0,0],"5":[0,0],"6":[0,0],"7":[0,0],"8":[0,0],"9":[0,0],"10":[0,0],"11":[0,0],"12":[0,0],"13":[0,0],"14":[0,0],"15":[0,0],"16":[0,0],"17":[0,0],"18":[0,0],"19":[0,0],"20":[0,0]}}
[...]
"name":"(anonymous_3)","decl":{"start":{"line":11,"column":37},"end":{"line":11,"column":38}},"loc":{"start":{"line":11,"column":52},"end":{"line":16,"column":12}},"line":11},"4":{"name":"(anonymous_4)","decl":{"start":{"line":19,"column":4},"end":{"line":19,"column":5}},"loc":{"start":{"line":19,"column":22},"end":{"line":29,"column":5}},"line":19},"5":{"name":"(anonymous_5)","decl":{"start":{"line":22,"column":27},"end":{"line":22,"column":28}},"loc":{"start":{"line":22,"column":48},"end":{"line":28,"column":9}},"line":22},"6":{"name":"(anonymous_6)","decl":{"start":{"line":23,"column":188},"end":{"line":23,"column":189}},"loc":{"start":{"line":23,"column":210},"end":{"line":27,"column":13}},"line":23},"7":{"name":"(anonymous_7)","decl":{"start":{"line":30,"column":4},"end":{"line":30,"column":5}},"loc":{"start":{"line":30,"column":20},"end":{"line":42,"column":5}},"line":30},"8":{"name":"(anonymous_8)","decl":{"start":{"line":33,"column":27},"end":{"line":33,"column":28}},"loc":{"start":{"line":33,"column":48},"end":{"line":41,"column":9}},"line":33},"9":{"name":"(anonymous_9)","decl":{"start":{"line":34,"column":30},"end":{"line":34,"column":31}},"loc":{"start":{"line":34,"column":44},"end":{"line":40,"column":13}},"line":34},"10":{"name":"(anonymous_10)","decl":{"start":{"line":43,"column":4},"end":{"line":43,"column":5}},"loc":{"start":{"line":43,"column":25},"end":{"line":54,"column":5}},"line":43},"11":{"name":"(anonymous_11)","decl":{"start":{"line":46,"column":27},"end":{"line":46,"column":28}},"loc":{"start":{"line":46,"column":48},"end":{"line":53,"column":9}},"line":46},"12":{"name":"(anonymous_12)","decl":{"start":{"line":47,"column":206},"end":{"line":47,"column":207}},"loc":{"start":{"line":47,"column":228},"end":{"line":52,"column":13}},"line":47},"13":{"name":"(anonymous_13)","decl":{"start":{"line":55,"column":4},"end":{"line":55,"column":5}},"loc":{"start":{"line":55,"column":24},"end":{"line":66,"column":5}},"line":55},"14":{"name":"(anonymous_14)","decl":{"start":{"line":58,"column":27},"end":{"line":58,"column":28}},"loc":{"start":{"line":58,"column":48},"end":{"line":65,"column":9}},"line":58},"15":{"name":"(anonymous_15)","decl":{"start":{"line":59,"column":30},"end":{"line":59,"column":31}},"loc":{"start":{"line":59,"column":45},"end":{"line":64,"column":13}},"line":59},"16":{"name":"(anonymous_16)","decl":{"start":{"line":67,"column":4},"end":{"line":67,"column":5}},"loc":{"start":{"line":67,"column":46},"end":{"line":78,"column":5}},"line":67},"17":{"name":"(anonymous_17)","decl":{"start":{"line":70,"column":27},"end":{"line":70,"column":28}},"loc":{"start":{"line":70,"column":48},"end":{"line":77,"column":9}},"line":70},"18":{"name":"(anonymous_18)","decl":{"start":{"line":71,"column":44},"end":{"line":71,"column":45}},"loc":{"start":{"line":71,"column":59},"end":{"line":76,"column":13}},"line":71}},"branchMap":{"0":{"loc":{"start":{"line":12,"column":16},"end":{"line":14,"column":17}},"type":"if","locations":[{"start":{"line":12,"column":16},"end":{"line":14,"column":17}},{"start":{},"end":{}}],"line":12},"1":{"loc":{"start":{"line":24,"column":16},"end":{"line":25,"column":31}},"type":"if","locations":[{"start":{"line":24,"column":16},"end":{"line":25,"column":31}},{"start":{},"end":{}}],"line":24},"2":{"loc":{"start":{"line":35,"column":16},"end":{"line":39,"column":17}},"type":"if","locations":[{"start":{"line":35,"column":16},"end":{"line":39,"column":17}},{"start":{"line":37,"column":20},"end":{"line":39,"column":17}}],"line":35},"3":{"loc":{"start":{"line":48,"column":16},"end":{"line":51,"column":31}},"type":"if","locations":[{"start":{"line":48,"column":16},"end":{"line":51,"column":31}},{"start":{"line":51,"column":20},"end":{"line":51,"column":31}}],"line":48},"4":{"loc":{"start":{"line":60,"column":16},"end":{"line":63,"column":36}},"type":"if","locations":[{"start":{"line":60,"column":16},"end":{"line":63,"column":36}},{"start":{"line":63,"column":20},"end":{"line":63,"column":36}}],"line":60},"5":{"loc":{"start":{"line":72,"column":16},"end":{"line":75,"column":33}},"type":"if","locations":[{"start":{"line":72,"column":16},"end":{"line":75,"column":33}},{"start":{"line":75,"column":20},"end":{"line":75,"column":33}}],"line":72}},"s":{"0":0,"1":0,"2":0,"3":0,"4":0,"5":0,"6":0,"7":0,"8":0,"9":0,"10":0,"11":0,"12":0,"13":0,"14":0,"15":0,"16":0,"17":0,"18":0,"19":0,"20":0,"21":0,"22":0,"23":0,"24":0,"25":0,"26":0,"27":0,"28":0,"29":0,"30":0,"31":0,"32":0,"33":0,"34":0,"35":0},"f":{"0":0,"1":0,"2":0,"3":0,"4":0,"5":0,"6":0,"7":0,"8":0,"9":0,"10":0,"11":0,"12":0,"13":0,"14":0,"15":0,"16":0,"17":0,"18":0},"b":{"0":[0,0],"1":[0,0],"2":[0,0],"3":[0,0],"4":[0,0],"5":[0,0]}}
,"/home/leandro/UFMG/9Semestre/PDS/GestaoDeEstoque-PDS/server/repositorios/unidadeRepositorio.js": {"path":"/home/leandro/UFMG/9Semestre/PDS/GestaoDeEstoque-PDS/server/repositorios/unidadeRepositorio.js","statementMap":{"0":{"start":{"line":4,"column":28},"end":{"line":4,"column":51}},"1":{"start":{"line":11,"column":18},"end":{"line":11,"column":61}},"2":{"start":{"line":13,"column":8},"end":{"line":20,"column":10}},"3":{"start":{"line":14,"column":12},"end":{"line":19,"column":14}},"4":{"start":{"line":15,"column":16},"end":{"line":17,"column":17}},"5":{"start":{"line":16,"column":20},"end":{"line":16,"column":31}},"6":{"start":{"line":18,"column":16},"end":{"line":18,"column":29}},"7":{"start":{"line":23,"column":18},"end":{"line":23,"column":70}},"8":{"start":{"line":25,"column":8},"end":{"line":31,"column":10}},"9":{"start":{"line":26,"column":12},"end":{"line":30,"column":14}},"10":{"start":{"line":27,"column":16},"end":{"line":28,"column":31}},"11":{"start":{"line":28,"column":20},"end":{"line":28,"column":31}},"12":{"start":{"line":29,"column":16},"end":{"line":29,"column":27}},"13":{"start":{"line":34,"column":18},"end":{"line":34,"column":52}},"14":{"start":{"line":36,"column":42},"end":{"line":36,"column":97}},"15":{"start":{"line":37,"column":8},"end":{"line":48,"column":10}},"16":{"start":{"line":38,"column":12},"end":{"line":47,"column":13}},"17":{"start":{"line":39,"column":16},"end":{"line":39,"column":84}},"18":{"start":{"line":42,"column":16},"end":{"line":46,"column":18}},"19":{"start":{"line":43,"column":20},"end":{"line":44,"column":35}},"20":{"start":{"line":44,"column":24},"end":{"line":44,"column":35}},"21":{"start":{"line":45,"column":20},"end":{"line":45,"column":31}},"22":{"start":{"line":51,"column":18},"end":{"line":51,"column":60}},"23":{"start":{"line":53,"column":8},"end":{"line":59,"column":10}},"24":{"start":{"line":54,"column":12},"end":{"line":58,"column":14}},"25":{"start":{"line":55,"column":16},"end":{"line":56,"column":31}},"26":{"start":{"line":56,"column":20},"end":{"line":56,"column":31}},"27":{"start":{"line":57,"column":16},"end":{"line":57,"column":27}},"28":{"start":{"line":62,"column":18},"end":{"line":62,"column":54}},"29":{"start":{"line":64,"column":8},"end":{"line":71,"column":10}},"30":{"start":{"line":65,"column":12},"end":{"line":70,"column":15}},"31":{"start":{"line":66,"column":16},"end":{"line":68,"column":17}},"32":{"start":{"line":67,"column":20},"end":{"line":67,"column":31}},"33":{"start":{"line":69,"column":16},"end":{"line":69,"column":32}}},"fnMap":{"0":{"name":"(anonymous_0)","decl":{"start":{"line":7,"column":4},"end":{"line":7,"column":5}},"loc":{"start":{"line":7,"column":17},"end":{"line":9,"column":5}},"line":7},"1":{"name":"(anonymous_1)","decl":{"start":{"line":10,"column":4},"end":{"line":10,"column":5}},"loc":{"start":{"line":10,"column":20},"end":{"line":21,"column":5}},"line":10},"2":{"name":"(anonymous_2)","decl":{"start":{"line":13,"column":27},"end":{"line":13,"column":28}},"loc":{"start":{"line":13,"column":48},"end":{"line":20,"column":9}},"line":13},"3":{"name":"(anonymous_3)","decl":{"start":{"line":14,"column":37},"end":{"line":14,"column":38}},"loc":{"start":{"line":14,"column":52},"end":{"line":19,"column":12}},"line":14},"4":{"name":"(anonymous_4)","decl":{"start":{"line":22,"column":4},"end":{"line":22,"column":5}},"loc":{"start":{"line":22,"column":16},"end":{"line":32,"column":5}},"line":22},"5":{"name":"(anonymous_5)","decl":{"start":{"line":25,"column":27},"end":{"line":25,"column":28}},"loc":{"start":{"line":25,"column":48},"end":{"line":31,"column":9}},"line":25},"6":{"name":"(anonymous_6)","decl":{"start":{"line":26,"column":59},"end":{"line":26,"column":60}},"loc":{"start":{"line":26,"column":81},"end":{"line":30,"column":13}},"line":26},"7":{"name":"(anonymous_7)","decl":{"start":{"line":33,"column":4},"end":{"line":33,"column":5}},"loc":{"start":{"line":33,"column":20},"end":{"line":49,"column":5}},"line":33},"8":{"name":"(anonymous_8)","decl":{"start":{"line":37,"column":27},"end":{"line":37,"column":28}},"loc":{"start":{"line":37,"column":48},"end":{"line":48,"column":9}},"line":37},"9":{"name":"(anonymous_9)","decl":{"start":{"line":42,"column":34},"end":{"line":42,"column":35}},"loc":{"start":{"line":42,"column":56},"end":{"line":46,"column":17}},"line":42},"10":{"name":"(anonymous_10)","decl":{"start":{"line":50,"column":4},"end":{"line":50,"column":5}},"loc":{"start":{"line":50,"column":19},"end":{"line":60,"column":5}},"line":50},"11":{"name":"(anonymous_11)","decl":{"start":{"line":53,"column":27},"end":{"line":53,"column":28}},"loc":{"start":{"line":53,"column":48},"end":{"line":59,"column":9}},"line":53},"12":{"name":"(anonymous_12)","decl":{"start":{"line":54,"column":52},"end":{"line":54,"column":53}},"loc":{"start":{"line":54,"column":74},"end":{"line":58,"column":13}},"line":54},"13":{"name":"(anonymous_13)","decl":{"start":{"line":61,"column":4},"end":{"line":61,"column":5}},"loc":{"start":{"line":61,"column":24},"end":{"line":72,"column":5}},"line":61},"14":{"name":"(anonymous_14)","decl":{"start":{"line":64,"column":27},"end":{"line":64,"column":28}},"loc":{"start":{"line":64,"column":48},"end":{"line":71,"column":9}},"line":64},"15":{"name":"(anonymous_15)","decl":{"start":{"line":65,"column":30},"end":{"line":65,"column":31}},"loc":{"start":{"line":65,"column":45},"end":{"line":70,"column":13}},"line":65}},"branchMap":{"0":{"loc":{"start":{"line":15,"column":16},"end":{"line":17,"column":17}},"type":"if","locations":[{"start":{"line":15,"column":16},"end":{"line":17,"column":17}},{"start":{},"end":{}}],"line":15},"1":{"loc":{"start":{"line":27,"column":16},"end":{"line":28,"column":31}},"type":"if","locations":[{"start":{"line":27,"column":16},"end":{"line":28,"column":31}},{"start":{},"end":{}}],"line":27},"2":{"loc":{"start":{"line":38,"column":12},"end":{"line":47,"column":13}},"type":"if","locations":[{"start":{"line":38,"column":12},"end":{"line":47,"column":13}},{"start":{"line":41,"column":16},"end":{"line":47,"column":13}}],"line":38},"3":{"loc":{"start":{"line":43,"column":20},"end":{"line":44,"column":35}},"type":"if","locations":[{"start":{"line":43,"column":20},"end":{"line":44,"column":35}},{"start":{},"end":{}}],"line":43},"4":{"loc":{"start":{"line":55,"column":16},"end":{"line":56,"column":31}},"type":"if","locations":[{"start":{"line":55,"column":16},"end":{"line":56,"column":31}},{"start":{},"end":{}}],"line":55},"5":{"loc":{"start":{"line":66,"column":16},"end":{"line":68,"column":17}},"type":"if","locations":[{"start":{"line":66,"column":16},"end":{"line":68,"column":17}},{"start":{},"end":{}}],"line":66}},"s":{"0":0,"1":0,"2":0,"3":0,"4":0,"5":0,"6":0,"7":0,"8":0,"9":0,"10":0,"11":0,"12":0,"13":0,"14":0,"15":0,"16":0,"17":0,"18":0,"19":0,"20":0,"21":0,"22":0,"23":0,"24":0,"25":0,"26":0,"27":0,"28":0,"29":0,"30":0,"31":0,"32":0,"33":0},"f":{"0":0,"1":0,"2":0,"3":0,"4":0,"5":0,"6":0,"7":0,"8":0,"9":0,"10":0,"11":0,"12":0,"13":0,"14":0,"15":0},"b":{"0":[0,0],"1":[0,0],"2":[0,0],"3":[0,0],"4":[0,0],"5":[0,0]}}
,"/home/leandro/UFMG/9Semestre/PDS/GestaoDeEstoque-PDS/server/repositorios/usuarioRepositorio.js": {"path":"/home/leandro/UFMG/9Semestre/PDS/GestaoDeEstoque-PDS/server/repositorios/usuarioRepositorio.js","statementMap":{"0":{"start":{"line":9,"column":18},"end":{"line":9,"column":41}},"1":{"start":{"line":11,"column":8},"end":{"line":18,"column":11}},"2":{"start":{"line":12,"column":12},"end":{"line":17,"column":14}},"3":{"start":{"line":13,"column":16},"end":{"line":15,"column":17}},"4":{"start":{"line":14,"column":20},"end":{"line":14,"column":31}},"5":{"start":{"line":16,"column":16},"end":{"line":16,"column":30}},"6":{"start":{"line":21,"column":24},"end":{"line":21,"column":63}},"7":{"start":{"line":22,"column":18},"end":{"line":22,"column":90}},"8":{"start":{"line":24,"column":8},"end":{"line":42,"column":10}},"9":{"start":{"line":25,"column":12},"end":{"line":41,"column":14}},"10":{"start":{"line":26,"column":16},"end":{"line":40,"column":17}},"11":{"start":{"line":27,"column":20},"end":{"line":27,"column":31}},"12":{"start":{"line":29,"column":20},"end":{"line":39,"column":21}},"13":{"start":{"line":30,"column":24},"end":{"line":30,"column":38}},"14":{"start":{"line":32,"column":24},"end":{"line":38,"column":26}},"15":{"start":{"line":33,"column":28},"end":{"line":37,"column":29}},"16":{"start":{"line":34,"column":32},"end":{"line":34,"column":43}},"17":{"start":{"line":36,"column":32},"end":{"line":36,"column":45}},"18":{"start":{"line":45,"column":18},"end":{"line":45,"column":71}},"19":{"start":{"line":47,"column":8},"end":{"line":63,"column":10}},"20":{"start":{"line":48,"column":12},"end":{"line":62,"column":14}},"21":{"start":{"line":49,"column":16},"end":{"line":61,"column":17}},"22":{"start":{"line":50,"column":20},"end":{"line":50,"column":31}},"23":{"start":{"line":52,"column":20},"end":{"line":60,"column":76}},"24":{"start":{"line":53,"column":38},"end":{"line":55,"column":26}},"25":{"start":{"line":56,"column":24},"end":{"line":56,"column":79}},"26":{"start":{"line":60,"column":24},"end":{"line":60,"column":76}},"27":{"start":{"line":67,"column":18},"end":{"line":67,"column":45}},"28":{"start":{"line":69,"column":8},"end":{"line":76,"column":11}},"29":{"start":{"line":70,"column":12},"end":{"line":75,"column":14}},"30":{"start":{"line":71,"column":16},"end":{"line":73,"column":17}},"31":{"start":{"line":72,"column":20},"end":{"line":72,"column":31}},"32":{"start":{"line":74,"column":16},"end":{"line":74,"column":30}},"33":{"start":{"line":80,"column":18},"end":{"line":80,"column":57}},"34":{"start":{"line":81,"column":8},"end":{"line":88,"column":11}},"35":{"start":{"line":82,"column":12},"end":{"line":87,"column":14}},"36":{"start":{"line":83,"column":16},"end":{"line":85,"column":17}},"37":{"start":{"line":84,"column":20},"end":{"line":84,"column":31}},"38":{"start":{"line":86,"column":16},"end":{"line":86,"column":33}}},"fnMap":{"0":{"name":"(anonymous_0)","decl":{"start":{"line":5,"column":4},"end":{"line":5,"column":5}},"loc":{"start":{"line":5,"column":17},"end":{"line":7,"column":5}},"line":5},"1":{"name":"(anonymous_1)","decl":{"start":{"line":8,"column":4},"end":{"line":8,"column":5}},"loc":{"start":{"line":8,"column":11},"end":{"line":19,"column":5}},"line":8},"2":{"name":"(anonymous_2)","decl":{"start":{"line":11,"column":27},"end":{"line":11,"column":28}},"loc":{"start":{"line":11,"column":48},"end":{"line":18,"column":9}},"line":11},"3":{"name":"(anonymous_3)","decl":{"start":{"line":12,"column":28},"end":{"line":12,"column":29}},"loc":{"start":{"line":12,"column":43},"end":{"line":17,"column":12}},"line":12},"4":{"name":"(anonymous_4)","decl":{"start":{"line":20,"column":4},"end":{"line":20,"column":5}},"loc":{"start":{"line":20,"column":16},"end":{"line":43,"column":5}},"line":20},"5":{"name":"(anonymous_5)","decl":{"start":{"line":24,"column":27},"end":{"line":24,"column":28}},"loc":{"start":{"line":24,"column":48},"end":{"line":42,"column":9}},"line":24},"6":{"name":"(anonymous_6)","decl":{"start":{"line":25,"column":47},"end":{"line":25,"column":48}},"loc":{"start":{"line":25,"column":69},"end":{"line":41,"column":13}},"line":25},"7":{"name":"(anonymous_7)","decl":{"start":{"line":32,"column":96},"end":{"line":32,"column":97}},"loc":{"start":{"line":32,"column":118},"end":{"line":38,"column":25}},"line":32},"8":{"name":"(anonymous_8)","decl":{"start":{"line":44,"column":4},"end":{"line":44,"column":5}},"loc":{"start":{"line":44,"column":16},"end":{"line":64,"column":5}},"line":44},"9":{"name":"(anonymous_9)","decl":{"start":{"line":47,"column":27},"end":{"line":47,"column":28}},"loc":{"start":{"line":47,"column":48},"end":{"line":63,"column":9}},"line":47},"10":{"name":"(anonymous_10)","decl":{"start":{"line":48,"column":52},"end":{"line":48,"column":53}},"loc":{"start":{"line":48,"column":72},"end":{"line":62,"column":13}},"line":48},"11":{"name":"(anonymous_11)","decl":{"start":{"line":66,"column":4},"end":{"line":66,"column":5}},"loc":{"start":{"line":66,"column":23},"end":{"line":77,"column":5}},"line":66},"12":{"name":"(anonymous_12)","decl":{"start":{"line":69,"column":27},"end":{"line":69,"column":28}},"loc":{"start":{"line":69,"column":48},"end":{"line":76,"column":9}},"line":69},"13":{"name":"(anonymous_13)","decl":{"start":{"line":70,"column":28},"end":{"line":70,"column":29}},"loc":{"start":{"line":70,"column":43},"end":{"line":75,"column":12}},"line":70},"14":{"name":"(anonymous_14)","decl":{"start":{"line":79,"column":4},"end":{"line":79,"column":5}},"loc":{"start":{"line":79,"column":23},"end":{"line":89,"column":5}},"line":79},"15":{"name":"(anonymous_15)","decl":{"start":{"line":81,"column":27},"end":{"line":81,"column":28}},"loc":{"start":{"line":81,"column":48},"end":{"line":88,"column":9}},"line":81},"16":{"name":"(anonymous_16)","decl":{"start":{"line":82,"column":30},"end":{"line":82,"column":31}},"loc":{"start":{"line":82,"column":45},"end":{"line":87,"column":12}},"line":82}},"branchMap":{"0":{"loc":{"start":{"line":13,"column":16},"end":{"line":15,"column":17}},"type":"if","locations":[{"start":{"line":13,"column":16},"end":{"line":15,"column":17}},{"start":{},"end":{}}],"line":13},"1":{"loc":{"start":{"line":26,"column":16},"end":{"line":40,"column":17}},"type":"if","locations":[{"start":{"line":26,"column":16},"end":{"line":40,"column":17}},{"start":{"line":28,"column":20},"end":{"line":40,"column":17}}],"line":26},"2":{"loc":{"start":{"line":29,"column":20},"end":{"line":39,"column":21}},"type":"if","locations":[{"start":{"line":29,"column":20},"end":{"line":39,"column":21}},{"start":{"line":31,"column":24},"end":{"line":39,"column":21}}],"line":29},"3":{"loc":{"start":{"line":33,"column":28},"end":{"line":37,"column":29}},"type":"if","locations":[{"start":{"line":33,"column":28},"end":{"line":37,"column":29}},{"start":{"line":35,"column":32},"end":{"line":37,"column":29}}],"line":33},"4":{"loc":{"start":{"line":49,"column":16},"end":{"line":61,"column":17}},"type":"if","locations":[{"start":{"line":49,"column":16},"end":{"line":61,"column":17}},{"start":{"line":51,"column":20},"end":{"line":61,"column":17}}],"line":49},"5":{"loc":{"start":{"line":52,"column":20},"end":{"line":60,"column":76}},"type":"if","locations":[{"start":{"line":52,"column":20},"end":{"line":60,"column":76}},{"start":{"line":60,"column":24},"end":{"line":60,"column":76}}],"line":52},"6":{"loc":{"start":{"line":71,"column":16},"end":{"line":73,"column":17}},"type":"if","locations":[{"start":{"line":71,"column":16},"end":{"line":73,"column":17}},{"start":{},"end":{}}],"line":71},"7":{"loc":{"start":{"line":83,"column":16},"end":{"line":85,"column":17}},"type":"if","locations":[{"start":{"line":83,"column":16},"end":{"line":85,"column":17}},{"start":{},"end":{}}],"line":83}},"s":{"0":0,"1":0,"2":0,"3":0,"4":0,"5":0,"6":0,"7":0,"8":0,"9":0,"10":0,"11":0,"12":0,"13":0,"14":0,"15":0,"16":0,"17":0,"18":0,"19":0,"20":0,"21":0,"22":0,"23":0,"24":0,"25":0,"26":0,"27":0,"28":0,"29":0,"30":0,"31":0,"32":0,"33":0,"34":0,"35":0,"36":0,"37":0,"38":0},"f":{"0":0,"1":0,"2":0,"3":0,"4":0,"5":0,"6":0,"7":0,"8":0,"9":0,"10":0,"11":0,"12":0,"13":0,"14":0,"15":0,"16":0},"b":{"0":[0,0],"1":[0,0],"2":[0,0],"3":[0,0],"4":[0,0],"5":[0,0],"6":[0,0],"7":[0,0]}}
}
